* Starting client
* Connecting to master process on port 9632
* Analyzing classpath: 
  - /home/pbr/work_ats/analysis/projects/2/target/classes
  - /home/pbr/.m2/repository/junit/junit/4.12/junit-4.12.jar
  - /home/pbr/.m2/repository/org/hamcrest/hamcrest-core/1.3/hamcrest-core-1.3.jar
* Finished analyzing classpath
* Generating tests for class Main
* Test criteria:
  - Line Coverage
  - Branch Coverage
  - Exception
  - Mutation testing (weak)
  - Method-Output Coverage
  - Top-Level Method Coverage
  - No-Exception Top-Level Method Coverage
  - Context Branch Coverage
* Setting up search algorithm for whole suite generation
[MASTER] 21:17:53.771 [pool-2-thread-1] WARN  TestSuiteSerialization - Cannot load tests because file does not exist: /home/pbr/work_ats/analysis/projects/2/.evosuite/evosuite-seeds/Main.seed
* Loaded 0 tests from /home/pbr/work_ats/analysis/projects/2/.evosuite/evosuite-seeds/Main.seed
* Total number of test goals: 
  - Line 553
  - Branch 286
  - Exception 0
  - MutationFactory 720
  - Output 0
  - Method 2
  - MethodNoException 2
  - CBranchFitnessFactory 286
* Using seed 1611436664030
* Starting evolution
* Search finished after 276s and 145 generations, 41394 statements, best individual has fitness: 1943.4980879541106
* Writing sequences to pool
* Minimizing test suite
* Going to analyze the coverage criteria
* Coverage analysis for criterion LINE
* Coverage of criterion LINE: 6%
* Total number of goals: 553
* Number of covered goals: 31
* Coverage analysis for criterion BRANCH
* Coverage of criterion BRANCH: 4%
* Total number of goals: 286
* Number of covered goals: 12
* Coverage analysis for criterion EXCEPTION
* Coverage of criterion EXCEPTION: 100%
* Total number of goals: 1
* Number of covered goals: 1
* Coverage analysis for criterion WEAKMUTATION
* Coverage of criterion WEAKMUTATION: 8%
* Total number of goals: 720
* Number of covered goals: 56
* Coverage analysis for criterion OUTPUT
* Coverage of criterion OUTPUT: 100% (no goals)
* Coverage analysis for criterion METHOD
* Coverage of criterion METHOD: 100%
* Total number of goals: 2
* Number of covered goals: 2
* Coverage analysis for criterion METHODNOEXCEPTION
* Coverage of criterion METHODNOEXCEPTION: 50%
* Total number of goals: 2
* Number of covered goals: 1
* Coverage analysis for criterion CBRANCH
* Coverage of criterion CBRANCH: 4%
* Total number of goals: 286
* Number of covered goals: 12
* Generated 3 tests with total length 7
* Resulting test suite's coverage: 46% (average coverage for all fitness functions)
* Generating assertions
* Resulting test suite's mutation score: 0%
* Compiling and checking tests
* Writing JUnit test case 'Main_ESTest' to /home/pbr/work_ats/analysis/projects/2/.evosuite/tmp_2021_01_23_21_17_38/tests
* Done!

