* Starting client
* Connecting to master process on port 18914
* Analyzing classpath: 
  - /home/pbr/work_ats/analysis/projects/83/target/classes
  - /home/pbr/.m2/repository/junit/junit/4.12/junit-4.12.jar
  - /home/pbr/.m2/repository/org/hamcrest/hamcrest-core/1.3/hamcrest-core-1.3.jar
* Finished analyzing classpath
* Generating tests for class BDVoluntarios
* Test criteria:
  - Line Coverage
  - Branch Coverage
  - Exception
  - Mutation testing (weak)
  - Method-Output Coverage
  - Top-Level Method Coverage
  - No-Exception Top-Level Method Coverage
  - Context Branch Coverage
* Setting up search algorithm for whole suite generation
[MASTER] 21:38:52.423 [pool-2-thread-1] WARN  TestSuiteSerialization - Cannot load tests because file does not exist: /home/pbr/work_ats/analysis/projects/83/.evosuite/evosuite-seeds/BDVoluntarios.seed
* Loaded 0 tests from /home/pbr/work_ats/analysis/projects/83/.evosuite/evosuite-seeds/BDVoluntarios.seed
* Total number of test goals: 
  - Line 101
  - Branch 73
  - Exception 0
  - MutationFactory 102
  - Output 106
  - Method 25
  - MethodNoException 25
  - CBranchFitnessFactory 73
* Using seed 1611437917103
* Starting evolution
[MASTER] 21:38:53.579 [pool-2-thread-1] WARN  TimeController - Phase INITIALIZATION lasted too long, 1 seconds more than allowed.
* Search finished after 94s and 41 generations, 25085 statements, best individual has fitness: 103.89999999619711
* Writing sequences to pool
* Minimizing test suite
[MASTER] 21:40:43.562 [pool-2-thread-1] WARN  TestSuiteMinimizer - Minimization timeout. Roll back to original test suite
* Going to analyze the coverage criteria
* Coverage analysis for criterion LINE
* Coverage of criterion LINE: 98%
* Total number of goals: 101
* Number of covered goals: 99
* Coverage analysis for criterion BRANCH
* Coverage of criterion BRANCH: 90%
* Total number of goals: 73
* Number of covered goals: 66
* Coverage analysis for criterion EXCEPTION
* Coverage of criterion EXCEPTION: 100%
* Total number of goals: 14
* Number of covered goals: 14
* Coverage analysis for criterion WEAKMUTATION
* Coverage of criterion WEAKMUTATION: 82%
* Total number of goals: 102
* Number of covered goals: 84
* Coverage analysis for criterion OUTPUT
* Coverage of criterion OUTPUT: 39%
* Total number of goals: 106
* Number of covered goals: 41
* Coverage analysis for criterion METHOD
* Coverage of criterion METHOD: 100%
* Total number of goals: 25
* Number of covered goals: 25
* Coverage analysis for criterion METHODNOEXCEPTION
* Coverage of criterion METHODNOEXCEPTION: 96%
* Total number of goals: 25
* Number of covered goals: 24
* Coverage analysis for criterion CBRANCH
* Coverage of criterion CBRANCH: 90%
* Total number of goals: 73
* Number of covered goals: 66
* Generated 63 tests with total length 998
* Resulting test suite's coverage: 87% (average coverage for all fitness functions)
* Generating assertions
[MASTER] 21:40:54.068 [pool-2-thread-1] WARN  SimpleMutationAssertionGenerator - Assertion minimization is taking too long (0.6916428571428571% of time used, but only 9/63 tests minimized), falling back to using all assertions
* Resulting test suite's mutation score: 31%
* Compiling and checking tests
* Writing JUnit test case 'BDVoluntarios_ESTest' to /home/pbr/work_ats/analysis/projects/83/.evosuite/tmp_2021_01_23_21_36_49/tests
* Done!

