2020.12.05 16:46:08 INFO  es[][o.e.e.NodeEnvironment] using [1] data paths, mounts [[/ (/dev/sda8)]], net usable_space [65.1gb], net total_space [84.9gb], types [ext4]
2020.12.05 16:46:08 INFO  es[][o.e.e.NodeEnvironment] heap size [494.9mb], compressed ordinary object pointers [true]
2020.12.05 16:46:08 INFO  es[][o.e.n.Node] node name [sonarqube], node ID [XmBW0FlcREakTlweT7DW1Q]
2020.12.05 16:46:08 INFO  es[][o.e.n.Node] version[6.8.4], pid[33649], build[default/tar/bca0c8d/2019-10-16T06:19:49.319352Z], OS[Linux/5.8.0-7630-generic/amd64], JVM[Ubuntu/OpenJDK 64-Bit Server VM/11.0.9.1/11.0.9.1+1-Ubuntu-0ubuntu1.20.10]
2020.12.05 16:46:08 INFO  es[][o.e.n.Node] JVM arguments [-XX:+UseConcMarkSweepGC, -XX:CMSInitiatingOccupancyFraction=75, -XX:+UseCMSInitiatingOccupancyOnly, -Des.networkaddress.cache.ttl=60, -Des.networkaddress.cache.negative.ttl=10, -XX:+AlwaysPreTouch, -Xss1m, -Djava.awt.headless=true, -Dfile.encoding=UTF-8, -Djna.nosys=true, -XX:-OmitStackTraceInFastThrow, -Dio.netty.noUnsafe=true, -Dio.netty.noKeySetOptimization=true, -Dio.netty.recycler.maxCapacityPerThread=0, -Dlog4j.shutdownHookEnabled=false, -Dlog4j2.disable.jmx=true, -Djava.io.tmpdir=/home/pbr/Downloads/sonarqube-8.5.1.38104/temp, -XX:ErrorFile=../logs/es_hs_err_pid%p.log, -Xmx512m, -Xms512m, -XX:+HeapDumpOnOutOfMemoryError, -Des.path.home=/home/pbr/Downloads/sonarqube-8.5.1.38104/elasticsearch, -Des.path.conf=/home/pbr/Downloads/sonarqube-8.5.1.38104/temp/conf/es, -Des.distribution.flavor=default, -Des.distribution.type=tar]
2020.12.05 16:46:09 INFO  es[][o.e.p.PluginsService] loaded module [analysis-common]
2020.12.05 16:46:09 INFO  es[][o.e.p.PluginsService] loaded module [lang-painless]
2020.12.05 16:46:09 INFO  es[][o.e.p.PluginsService] loaded module [mapper-extras]
2020.12.05 16:46:09 INFO  es[][o.e.p.PluginsService] loaded module [parent-join]
2020.12.05 16:46:09 INFO  es[][o.e.p.PluginsService] loaded module [percolator]
2020.12.05 16:46:09 INFO  es[][o.e.p.PluginsService] loaded module [repository-url]
2020.12.05 16:46:09 INFO  es[][o.e.p.PluginsService] loaded module [transport-netty4]
2020.12.05 16:46:09 INFO  es[][o.e.p.PluginsService] no plugins loaded
2020.12.05 16:46:12 WARN  es[][o.e.d.c.s.Settings] [http.enabled] setting was deprecated in Elasticsearch and will be removed in a future release! See the breaking changes documentation for the next major version.
2020.12.05 16:46:13 INFO  es[][o.e.d.DiscoveryModule] using discovery type [zen] and host providers [settings]
2020.12.05 16:46:14 INFO  es[][o.e.n.Node] initialized
2020.12.05 16:46:14 INFO  es[][o.e.n.Node] starting ...
2020.12.05 16:46:14 INFO  es[][o.e.t.TransportService] publish_address {127.0.0.1:9001}, bound_addresses {127.0.0.1:9001}
2020.12.05 16:46:14 WARN  es[][o.e.b.BootstrapChecks] max virtual memory areas vm.max_map_count [65530] is too low, increase to at least [262144]
2020.12.05 16:46:17 INFO  es[][o.e.c.s.MasterService] zen-disco-elected-as-master ([0] nodes joined), reason: new_master {sonarqube}{XmBW0FlcREakTlweT7DW1Q}{MWvNfx0RSAa9n4UvOxSyjA}{127.0.0.1}{127.0.0.1:9001}{rack_id=sonarqube}
2020.12.05 16:46:17 INFO  es[][o.e.c.s.ClusterApplierService] new_master {sonarqube}{XmBW0FlcREakTlweT7DW1Q}{MWvNfx0RSAa9n4UvOxSyjA}{127.0.0.1}{127.0.0.1:9001}{rack_id=sonarqube}, reason: apply cluster state (from master [master {sonarqube}{XmBW0FlcREakTlweT7DW1Q}{MWvNfx0RSAa9n4UvOxSyjA}{127.0.0.1}{127.0.0.1:9001}{rack_id=sonarqube} committed version [1] source [zen-disco-elected-as-master ([0] nodes joined)]])
2020.12.05 16:46:17 INFO  es[][o.e.n.Node] started
2020.12.05 16:46:17 INFO  es[][o.e.g.GatewayService] recovered [0] indices into cluster_state
2020.12.05 16:46:36 INFO  es[][o.e.c.m.MetaDataCreateIndexService] [metadatas] creating index, cause [api], templates [], shards [1]/[0], mappings []
2020.12.05 16:46:36 INFO  es[][o.e.c.r.a.AllocationService] Cluster health status changed from [YELLOW] to [GREEN] (reason: [shards started [[metadatas][0]] ...]).
2020.12.05 16:46:36 INFO  es[][o.e.c.m.MetaDataMappingService] [metadatas/JqkeIszWRne3qybgiWBpkA] create_mapping [metadata]
2020.12.05 16:46:37 INFO  es[][o.e.c.m.MetaDataCreateIndexService] [components] creating index, cause [api], templates [], shards [5]/[0], mappings []
2020.12.05 16:46:37 INFO  es[][o.e.c.r.a.AllocationService] Cluster health status changed from [YELLOW] to [GREEN] (reason: [shards started [[components][4]] ...]).
2020.12.05 16:46:37 INFO  es[][o.e.c.m.MetaDataMappingService] [components/9z0r6Y4pS82DEyUyV9xDgA] create_mapping [auth]
2020.12.05 16:46:37 INFO  es[][o.e.c.m.MetaDataCreateIndexService] [projectmeasures] creating index, cause [api], templates [], shards [5]/[0], mappings []
2020.12.05 16:46:38 INFO  es[][o.e.c.r.a.AllocationService] Cluster health status changed from [YELLOW] to [GREEN] (reason: [shards started [[projectmeasures][4]] ...]).
2020.12.05 16:46:38 INFO  es[][o.e.c.m.MetaDataMappingService] [projectmeasures/fUrRF2JTRRyN7bAOEoNvow] create_mapping [auth]
2020.12.05 16:46:38 INFO  es[][o.e.c.m.MetaDataCreateIndexService] [rules] creating index, cause [api], templates [], shards [2]/[0], mappings []
2020.12.05 16:46:38 INFO  es[][o.e.c.r.a.AllocationService] Cluster health status changed from [YELLOW] to [GREEN] (reason: [shards started [[rules][0]] ...]).
2020.12.05 16:46:38 INFO  es[][o.e.c.m.MetaDataMappingService] [rules/VpaAu_99Rb6XOqIosEoqmA] create_mapping [rule]
2020.12.05 16:46:38 INFO  es[][o.e.c.m.MetaDataCreateIndexService] [issues] creating index, cause [api], templates [], shards [5]/[0], mappings []
2020.12.05 16:46:38 INFO  es[][o.e.c.r.a.AllocationService] Cluster health status changed from [YELLOW] to [GREEN] (reason: [shards started [[issues][4]] ...]).
2020.12.05 16:46:38 INFO  es[][o.e.c.m.MetaDataMappingService] [issues/ds4Rn3zyQzmnBGQVuoeJzA] create_mapping [auth]
2020.12.05 16:46:39 INFO  es[][o.e.c.m.MetaDataCreateIndexService] [users] creating index, cause [api], templates [], shards [1]/[0], mappings []
2020.12.05 16:46:39 INFO  es[][o.e.c.r.a.AllocationService] Cluster health status changed from [YELLOW] to [GREEN] (reason: [shards started [[users][0]] ...]).
2020.12.05 16:46:39 INFO  es[][o.e.c.m.MetaDataMappingService] [users/3hGqSD2EQ2ScVPAh0gIawQ] create_mapping [user]
2020.12.05 16:46:39 INFO  es[][o.e.c.m.MetaDataCreateIndexService] [views] creating index, cause [api], templates [], shards [5]/[0], mappings []
2020.12.05 16:46:39 INFO  es[][o.e.c.r.a.AllocationService] Cluster health status changed from [YELLOW] to [GREEN] (reason: [shards started [[views][4]] ...]).
2020.12.05 16:46:39 INFO  es[][o.e.c.m.MetaDataMappingService] [views/zXP2XVAUT4qBU53RjbZOKw] create_mapping [view]
2020.12.05 16:47:12 INFO  es[][o.e.c.s.IndexScopedSettings] updating [index.refresh_interval] from [30s] to [-1]
2020.12.05 16:47:12 INFO  es[][o.e.c.s.IndexScopedSettings] updating [index.refresh_interval] from [30s] to [-1]
2020.12.05 16:47:12 INFO  es[][o.e.c.s.IndexScopedSettings] updating [index.refresh_interval] from [-1] to [30s]
2020.12.05 16:47:12 INFO  es[][o.e.c.s.IndexScopedSettings] updating [index.refresh_interval] from [-1] to [30s]
2020.12.05 16:47:12 INFO  es[][o.e.c.s.IndexScopedSettings] updating [index.refresh_interval] from [30s] to [-1]
2020.12.05 16:47:12 INFO  es[][o.e.c.s.IndexScopedSettings] updating [index.refresh_interval] from [30s] to [-1]
2020.12.05 16:47:12 INFO  es[][o.e.c.s.IndexScopedSettings] updating [index.refresh_interval] from [-1] to [30s]
2020.12.05 16:47:12 INFO  es[][o.e.c.s.IndexScopedSettings] updating [index.refresh_interval] from [-1] to [30s]
2020.12.05 17:30:17 INFO  es[][o.e.n.Node] stopping ...
2020.12.05 17:30:18 INFO  es[][o.e.n.Node] stopped
2020.12.05 17:30:18 INFO  es[][o.e.n.Node] closing ...
2020.12.05 17:30:18 INFO  es[][o.e.n.Node] closed
