--> Wrapper Started as Console
Launching a JVM...
Wrapper (Version 3.2.3) http://wrapper.tanukisoftware.org
  Copyright 1999-2006 Tanuki Software, Inc.  All Rights Reserved.

2020.12.05 16:46:05 INFO  app[][o.s.a.AppFileSystem] Cleaning or creating temp directory /home/pbr/Downloads/sonarqube-8.5.1.38104/temp
2020.12.05 16:46:05 INFO  app[][o.s.a.es.EsSettings] Elasticsearch listening on /127.0.0.1:9001
2020.12.05 16:46:05 INFO  app[][o.s.a.ProcessLauncherImpl] Launch process[[key='es', ipcIndex=1, logFilenamePrefix=es]] from [/home/pbr/Downloads/sonarqube-8.5.1.38104/elasticsearch]: /home/pbr/Downloads/sonarqube-8.5.1.38104/elasticsearch/bin/elasticsearch
2020.12.05 16:46:05 INFO  app[][o.s.a.SchedulerImpl] Waiting for Elasticsearch to be up and running
OpenJDK 64-Bit Server VM warning: Option UseConcMarkSweepGC was deprecated in version 9.0 and will likely be removed in a future release.
2020.12.05 16:46:05 INFO  app[][o.e.p.PluginsService] no modules loaded
2020.12.05 16:46:05 INFO  app[][o.e.p.PluginsService] loaded plugin [org.elasticsearch.transport.Netty4Plugin]
2020.12.05 16:46:18 INFO  app[][o.s.a.SchedulerImpl] Process[es] is up
2020.12.05 16:46:18 INFO  app[][o.s.a.ProcessLauncherImpl] Launch process[[key='web', ipcIndex=2, logFilenamePrefix=web]] from [/home/pbr/Downloads/sonarqube-8.5.1.38104]: /usr/lib/jvm/java-11-openjdk-amd64/bin/java -Djava.awt.headless=true -Dfile.encoding=UTF-8 -Djava.io.tmpdir=/home/pbr/Downloads/sonarqube-8.5.1.38104/temp -XX:-OmitStackTraceInFastThrow --add-opens=java.base/java.util=ALL-UNNAMED --add-opens=java.base/java.lang=ALL-UNNAMED --add-opens=java.base/java.io=ALL-UNNAMED --add-opens=java.rmi/sun.rmi.transport=ALL-UNNAMED -Xmx512m -Xms128m -XX:+HeapDumpOnOutOfMemoryError -Dhttp.nonProxyHosts=localhost|127.*|[::1] -cp ./lib/common/*:/home/pbr/Downloads/sonarqube-8.5.1.38104/lib/jdbc/h2/h2-1.4.199.jar org.sonar.server.app.WebServer /home/pbr/Downloads/sonarqube-8.5.1.38104/temp/sq-process12929236142256178137properties
2020.12.05 16:47:13 INFO  app[][o.s.a.SchedulerImpl] Process[web] is up
2020.12.05 16:47:13 INFO  app[][o.s.a.ProcessLauncherImpl] Launch process[[key='ce', ipcIndex=3, logFilenamePrefix=ce]] from [/home/pbr/Downloads/sonarqube-8.5.1.38104]: /usr/lib/jvm/java-11-openjdk-amd64/bin/java -Djava.awt.headless=true -Dfile.encoding=UTF-8 -Djava.io.tmpdir=/home/pbr/Downloads/sonarqube-8.5.1.38104/temp -XX:-OmitStackTraceInFastThrow --add-opens=java.base/java.util=ALL-UNNAMED -Xmx512m -Xms128m -XX:+HeapDumpOnOutOfMemoryError -Dhttp.nonProxyHosts=localhost|127.*|[::1] -cp ./lib/common/*:/home/pbr/Downloads/sonarqube-8.5.1.38104/lib/jdbc/h2/h2-1.4.199.jar org.sonar.ce.app.CeServer /home/pbr/Downloads/sonarqube-8.5.1.38104/temp/sq-process6903247101768785577properties
2020.12.05 16:47:23 INFO  app[][o.s.a.SchedulerImpl] Process[ce] is up
2020.12.05 16:47:23 INFO  app[][o.s.a.SchedulerImpl] SonarQube is up
INT trapped.  Shutting down.
2020.12.05 17:30:18 WARN  app[][o.s.a.p.AbstractManagedProcess] Process exited with exit value [es]: 130
2020.12.05 17:30:18 INFO  app[][o.s.a.SchedulerImpl] Process[es] is stopped
<-- Wrapper Stopped
--> Wrapper Started as Console
Launching a JVM...
Wrapper (Version 3.2.3) http://wrapper.tanukisoftware.org
  Copyright 1999-2006 Tanuki Software, Inc.  All Rights Reserved.

2020.12.07 19:10:25 INFO  app[][o.s.a.AppFileSystem] Cleaning or creating temp directory /home/pbr/Downloads/sonarqube-8.5.1.38104/temp
2020.12.07 19:10:25 INFO  app[][o.s.a.es.EsSettings] Elasticsearch listening on /127.0.0.1:9001
2020.12.07 19:10:25 INFO  app[][o.s.a.ProcessLauncherImpl] Launch process[[key='es', ipcIndex=1, logFilenamePrefix=es]] from [/home/pbr/Downloads/sonarqube-8.5.1.38104/elasticsearch]: /home/pbr/Downloads/sonarqube-8.5.1.38104/elasticsearch/bin/elasticsearch
2020.12.07 19:10:25 INFO  app[][o.s.a.SchedulerImpl] Waiting for Elasticsearch to be up and running
OpenJDK 64-Bit Server VM warning: Option UseConcMarkSweepGC was deprecated in version 9.0 and will likely be removed in a future release.
2020.12.07 19:10:25 INFO  app[][o.e.p.PluginsService] no modules loaded
2020.12.07 19:10:25 INFO  app[][o.e.p.PluginsService] loaded plugin [org.elasticsearch.transport.Netty4Plugin]
2020.12.07 19:10:43 INFO  app[][o.s.a.SchedulerImpl] Process[es] is up
2020.12.07 19:10:43 INFO  app[][o.s.a.ProcessLauncherImpl] Launch process[[key='web', ipcIndex=2, logFilenamePrefix=web]] from [/home/pbr/Downloads/sonarqube-8.5.1.38104]: /usr/lib/jvm/java-11-openjdk-amd64/bin/java -Djava.awt.headless=true -Dfile.encoding=UTF-8 -Djava.io.tmpdir=/home/pbr/Downloads/sonarqube-8.5.1.38104/temp -XX:-OmitStackTraceInFastThrow --add-opens=java.base/java.util=ALL-UNNAMED --add-opens=java.base/java.lang=ALL-UNNAMED --add-opens=java.base/java.io=ALL-UNNAMED --add-opens=java.rmi/sun.rmi.transport=ALL-UNNAMED -Xmx512m -Xms128m -XX:+HeapDumpOnOutOfMemoryError -Dhttp.nonProxyHosts=localhost|127.*|[::1] -cp ./lib/common/*:/home/pbr/Downloads/sonarqube-8.5.1.38104/lib/jdbc/h2/h2-1.4.199.jar org.sonar.server.app.WebServer /home/pbr/Downloads/sonarqube-8.5.1.38104/temp/sq-process10356860114253939802properties
2020.12.07 19:11:13 INFO  app[][o.s.a.SchedulerImpl] Process[web] is up
2020.12.07 19:11:13 INFO  app[][o.s.a.ProcessLauncherImpl] Launch process[[key='ce', ipcIndex=3, logFilenamePrefix=ce]] from [/home/pbr/Downloads/sonarqube-8.5.1.38104]: /usr/lib/jvm/java-11-openjdk-amd64/bin/java -Djava.awt.headless=true -Dfile.encoding=UTF-8 -Djava.io.tmpdir=/home/pbr/Downloads/sonarqube-8.5.1.38104/temp -XX:-OmitStackTraceInFastThrow --add-opens=java.base/java.util=ALL-UNNAMED -Xmx512m -Xms128m -XX:+HeapDumpOnOutOfMemoryError -Dhttp.nonProxyHosts=localhost|127.*|[::1] -cp ./lib/common/*:/home/pbr/Downloads/sonarqube-8.5.1.38104/lib/jdbc/h2/h2-1.4.199.jar org.sonar.ce.app.CeServer /home/pbr/Downloads/sonarqube-8.5.1.38104/temp/sq-process7158294675607687164properties
2020.12.07 19:11:20 INFO  app[][o.s.a.SchedulerImpl] Process[ce] is up
2020.12.07 19:11:20 INFO  app[][o.s.a.SchedulerImpl] SonarQube is up
INT trapped.  Shutting down.
2020.12.07 21:24:28 WARN  app[][o.s.a.p.AbstractManagedProcess] Process exited with exit value [ce]: 130
2020.12.07 21:24:28 INFO  app[][o.s.a.SchedulerImpl] Process[ce] is stopped
2020.12.07 21:24:28 WARN  app[][o.s.a.p.AbstractManagedProcess] Process exited with exit value [es]: 130
2020.12.07 21:24:28 INFO  app[][o.s.a.SchedulerImpl] Process[es] is stopped
<-- Wrapper Stopped
--> Wrapper Started as Console
Launching a JVM...
Wrapper (Version 3.2.3) http://wrapper.tanukisoftware.org
  Copyright 1999-2006 Tanuki Software, Inc.  All Rights Reserved.

2020.12.15 17:15:15 INFO  app[][o.s.a.AppFileSystem] Cleaning or creating temp directory /home/pbr/Downloads/sonarqube-8.5.1.38104/temp
2020.12.15 17:15:15 INFO  app[][o.s.a.es.EsSettings] Elasticsearch listening on /127.0.0.1:9001
2020.12.15 17:15:15 INFO  app[][o.s.a.ProcessLauncherImpl] Launch process[[key='es', ipcIndex=1, logFilenamePrefix=es]] from [/home/pbr/Downloads/sonarqube-8.5.1.38104/elasticsearch]: /home/pbr/Downloads/sonarqube-8.5.1.38104/elasticsearch/bin/elasticsearch
2020.12.15 17:15:15 INFO  app[][o.s.a.SchedulerImpl] Waiting for Elasticsearch to be up and running
OpenJDK 64-Bit Server VM warning: Option UseConcMarkSweepGC was deprecated in version 9.0 and will likely be removed in a future release.
2020.12.15 17:15:15 INFO  app[][o.e.p.PluginsService] no modules loaded
2020.12.15 17:15:15 INFO  app[][o.e.p.PluginsService] loaded plugin [org.elasticsearch.transport.Netty4Plugin]
2020.12.15 17:15:28 INFO  app[][o.s.a.SchedulerImpl] Process[es] is up
2020.12.15 17:15:28 INFO  app[][o.s.a.ProcessLauncherImpl] Launch process[[key='web', ipcIndex=2, logFilenamePrefix=web]] from [/home/pbr/Downloads/sonarqube-8.5.1.38104]: /usr/lib/jvm/java-11-openjdk-amd64/bin/java -Djava.awt.headless=true -Dfile.encoding=UTF-8 -Djava.io.tmpdir=/home/pbr/Downloads/sonarqube-8.5.1.38104/temp -XX:-OmitStackTraceInFastThrow --add-opens=java.base/java.util=ALL-UNNAMED --add-opens=java.base/java.lang=ALL-UNNAMED --add-opens=java.base/java.io=ALL-UNNAMED --add-opens=java.rmi/sun.rmi.transport=ALL-UNNAMED -Xmx512m -Xms128m -XX:+HeapDumpOnOutOfMemoryError -Dhttp.nonProxyHosts=localhost|127.*|[::1] -cp ./lib/common/*:/home/pbr/Downloads/sonarqube-8.5.1.38104/lib/jdbc/h2/h2-1.4.199.jar org.sonar.server.app.WebServer /home/pbr/Downloads/sonarqube-8.5.1.38104/temp/sq-process13625699029424985132properties
2020.12.15 17:15:50 INFO  app[][o.s.a.SchedulerImpl] Process[web] is up
2020.12.15 17:15:50 INFO  app[][o.s.a.ProcessLauncherImpl] Launch process[[key='ce', ipcIndex=3, logFilenamePrefix=ce]] from [/home/pbr/Downloads/sonarqube-8.5.1.38104]: /usr/lib/jvm/java-11-openjdk-amd64/bin/java -Djava.awt.headless=true -Dfile.encoding=UTF-8 -Djava.io.tmpdir=/home/pbr/Downloads/sonarqube-8.5.1.38104/temp -XX:-OmitStackTraceInFastThrow --add-opens=java.base/java.util=ALL-UNNAMED -Xmx512m -Xms128m -XX:+HeapDumpOnOutOfMemoryError -Dhttp.nonProxyHosts=localhost|127.*|[::1] -cp ./lib/common/*:/home/pbr/Downloads/sonarqube-8.5.1.38104/lib/jdbc/h2/h2-1.4.199.jar org.sonar.ce.app.CeServer /home/pbr/Downloads/sonarqube-8.5.1.38104/temp/sq-process17694248511452148892properties
2020.12.15 17:15:57 INFO  app[][o.s.a.SchedulerImpl] Process[ce] is up
2020.12.15 17:15:57 INFO  app[][o.s.a.SchedulerImpl] SonarQube is up
INT trapped.  Shutting down.
2020.12.15 18:56:23 WARN  app[][o.s.a.p.AbstractManagedProcess] Process exited with exit value [ce]: 130
2020.12.15 18:56:23 INFO  app[][o.s.a.SchedulerImpl] Process[ce] is stopped
2020.12.15 18:56:23 WARN  app[][o.s.a.p.AbstractManagedProcess] Process exited with exit value [es]: 130
2020.12.15 18:56:23 INFO  app[][o.s.a.SchedulerImpl] Process[es] is stopped
<-- Wrapper Stopped
--> Wrapper Started as Console
Launching a JVM...
Wrapper (Version 3.2.3) http://wrapper.tanukisoftware.org
  Copyright 1999-2006 Tanuki Software, Inc.  All Rights Reserved.

2020.12.16 13:55:38 INFO  app[][o.s.a.AppFileSystem] Cleaning or creating temp directory /home/pbr/Downloads/sonarqube-8.5.1.38104/temp
2020.12.16 13:55:38 INFO  app[][o.s.a.es.EsSettings] Elasticsearch listening on /127.0.0.1:9001
2020.12.16 13:55:38 INFO  app[][o.s.a.ProcessLauncherImpl] Launch process[[key='es', ipcIndex=1, logFilenamePrefix=es]] from [/home/pbr/Downloads/sonarqube-8.5.1.38104/elasticsearch]: /home/pbr/Downloads/sonarqube-8.5.1.38104/elasticsearch/bin/elasticsearch
2020.12.16 13:55:38 INFO  app[][o.s.a.SchedulerImpl] Waiting for Elasticsearch to be up and running
OpenJDK 64-Bit Server VM warning: Option UseConcMarkSweepGC was deprecated in version 9.0 and will likely be removed in a future release.
2020.12.16 13:55:38 INFO  app[][o.e.p.PluginsService] no modules loaded
2020.12.16 13:55:38 INFO  app[][o.e.p.PluginsService] loaded plugin [org.elasticsearch.transport.Netty4Plugin]
2020.12.16 13:55:50 INFO  app[][o.s.a.SchedulerImpl] Process[es] is up
2020.12.16 13:55:50 INFO  app[][o.s.a.ProcessLauncherImpl] Launch process[[key='web', ipcIndex=2, logFilenamePrefix=web]] from [/home/pbr/Downloads/sonarqube-8.5.1.38104]: /usr/lib/jvm/java-11-openjdk-amd64/bin/java -Djava.awt.headless=true -Dfile.encoding=UTF-8 -Djava.io.tmpdir=/home/pbr/Downloads/sonarqube-8.5.1.38104/temp -XX:-OmitStackTraceInFastThrow --add-opens=java.base/java.util=ALL-UNNAMED --add-opens=java.base/java.lang=ALL-UNNAMED --add-opens=java.base/java.io=ALL-UNNAMED --add-opens=java.rmi/sun.rmi.transport=ALL-UNNAMED -Xmx512m -Xms128m -XX:+HeapDumpOnOutOfMemoryError -Dhttp.nonProxyHosts=localhost|127.*|[::1] -cp ./lib/common/*:/home/pbr/Downloads/sonarqube-8.5.1.38104/lib/jdbc/h2/h2-1.4.199.jar org.sonar.server.app.WebServer /home/pbr/Downloads/sonarqube-8.5.1.38104/temp/sq-process5197010146115222743properties
2020.12.16 13:56:09 INFO  app[][o.s.a.SchedulerImpl] Process[web] is up
2020.12.16 13:56:09 INFO  app[][o.s.a.ProcessLauncherImpl] Launch process[[key='ce', ipcIndex=3, logFilenamePrefix=ce]] from [/home/pbr/Downloads/sonarqube-8.5.1.38104]: /usr/lib/jvm/java-11-openjdk-amd64/bin/java -Djava.awt.headless=true -Dfile.encoding=UTF-8 -Djava.io.tmpdir=/home/pbr/Downloads/sonarqube-8.5.1.38104/temp -XX:-OmitStackTraceInFastThrow --add-opens=java.base/java.util=ALL-UNNAMED -Xmx512m -Xms128m -XX:+HeapDumpOnOutOfMemoryError -Dhttp.nonProxyHosts=localhost|127.*|[::1] -cp ./lib/common/*:/home/pbr/Downloads/sonarqube-8.5.1.38104/lib/jdbc/h2/h2-1.4.199.jar org.sonar.ce.app.CeServer /home/pbr/Downloads/sonarqube-8.5.1.38104/temp/sq-process16328978200439495108properties
2020.12.16 13:56:14 INFO  app[][o.s.a.SchedulerImpl] Process[ce] is up
2020.12.16 13:56:14 INFO  app[][o.s.a.SchedulerImpl] SonarQube is up
2020.12.16 15:46:45 WARN  app[][o.s.a.p.AbstractManagedProcess] Process exited with exit value [ce]: 129
2020.12.16 15:46:45 INFO  app[][o.s.a.SchedulerImpl] Process[ce] is stopped
TERM trapped.  Forcing immediate shutdown.
2020.12.16 15:46:46 WARN  app[][o.s.a.p.AbstractManagedProcess] Process exited with exit value [es]: 129
2020.12.16 15:46:46 INFO  app[][o.s.a.SchedulerImpl] Process[es] is stopped
JVM did not exit on request, terminated
JVM exited on its own while waiting to kill the application.
JVM exited in response to signal SIGKILL (9).
<-- Wrapper Stopped
--> Wrapper Started as Console
Launching a JVM...
Wrapper (Version 3.2.3) http://wrapper.tanukisoftware.org
  Copyright 1999-2006 Tanuki Software, Inc.  All Rights Reserved.

2020.12.26 14:32:33 INFO  app[][o.s.a.AppFileSystem] Cleaning or creating temp directory /home/pbr/work_ats/sonarqube-8.5.1.38104/temp
2020.12.26 14:32:33 INFO  app[][o.s.a.es.EsSettings] Elasticsearch listening on /127.0.0.1:9001
2020.12.26 14:32:33 INFO  app[][o.s.a.ProcessLauncherImpl] Launch process[[key='es', ipcIndex=1, logFilenamePrefix=es]] from [/home/pbr/work_ats/sonarqube-8.5.1.38104/elasticsearch]: /home/pbr/work_ats/sonarqube-8.5.1.38104/elasticsearch/bin/elasticsearch
2020.12.26 14:32:33 INFO  app[][o.s.a.SchedulerImpl] Waiting for Elasticsearch to be up and running
OpenJDK 64-Bit Server VM warning: Option UseConcMarkSweepGC was deprecated in version 9.0 and will likely be removed in a future release.
2020.12.26 14:32:34 INFO  app[][o.e.p.PluginsService] no modules loaded
2020.12.26 14:32:34 INFO  app[][o.e.p.PluginsService] loaded plugin [org.elasticsearch.transport.Netty4Plugin]
2020.12.26 14:32:49 INFO  app[][o.s.a.SchedulerImpl] Process[es] is up
2020.12.26 14:32:49 INFO  app[][o.s.a.ProcessLauncherImpl] Launch process[[key='web', ipcIndex=2, logFilenamePrefix=web]] from [/home/pbr/work_ats/sonarqube-8.5.1.38104]: /usr/lib/jvm/java-11-openjdk-amd64/bin/java -Djava.awt.headless=true -Dfile.encoding=UTF-8 -Djava.io.tmpdir=/home/pbr/work_ats/sonarqube-8.5.1.38104/temp -XX:-OmitStackTraceInFastThrow --add-opens=java.base/java.util=ALL-UNNAMED --add-opens=java.base/java.lang=ALL-UNNAMED --add-opens=java.base/java.io=ALL-UNNAMED --add-opens=java.rmi/sun.rmi.transport=ALL-UNNAMED -Xmx512m -Xms128m -XX:+HeapDumpOnOutOfMemoryError -Dhttp.nonProxyHosts=localhost|127.*|[::1] -cp ./lib/common/*:/home/pbr/work_ats/sonarqube-8.5.1.38104/lib/jdbc/h2/h2-1.4.199.jar org.sonar.server.app.WebServer /home/pbr/work_ats/sonarqube-8.5.1.38104/temp/sq-process3492520208760465596properties
2020.12.26 14:33:20 INFO  app[][o.s.a.SchedulerImpl] Process[web] is up
2020.12.26 14:33:20 INFO  app[][o.s.a.ProcessLauncherImpl] Launch process[[key='ce', ipcIndex=3, logFilenamePrefix=ce]] from [/home/pbr/work_ats/sonarqube-8.5.1.38104]: /usr/lib/jvm/java-11-openjdk-amd64/bin/java -Djava.awt.headless=true -Dfile.encoding=UTF-8 -Djava.io.tmpdir=/home/pbr/work_ats/sonarqube-8.5.1.38104/temp -XX:-OmitStackTraceInFastThrow --add-opens=java.base/java.util=ALL-UNNAMED -Xmx512m -Xms128m -XX:+HeapDumpOnOutOfMemoryError -Dhttp.nonProxyHosts=localhost|127.*|[::1] -cp ./lib/common/*:/home/pbr/work_ats/sonarqube-8.5.1.38104/lib/jdbc/h2/h2-1.4.199.jar org.sonar.ce.app.CeServer /home/pbr/work_ats/sonarqube-8.5.1.38104/temp/sq-process888411508070998250properties
2020.12.26 14:33:28 INFO  app[][o.s.a.SchedulerImpl] Process[ce] is up
2020.12.26 14:33:28 INFO  app[][o.s.a.SchedulerImpl] SonarQube is up
INT trapped.  Shutting down.
2020.12.26 14:35:21 WARN  app[][o.s.a.p.AbstractManagedProcess] Process exited with exit value [web]: 130
2020.12.26 14:35:21 INFO  app[][o.s.a.SchedulerImpl] Process[web] is stopped
2020.12.26 14:35:21 WARN  app[][o.s.a.p.AbstractManagedProcess] Process exited with exit value [es]: 130
2020.12.26 14:35:21 INFO  app[][o.s.a.SchedulerImpl] Process[es] is stopped
<-- Wrapper Stopped
--> Wrapper Started as Console
Launching a JVM...
Wrapper (Version 3.2.3) http://wrapper.tanukisoftware.org
  Copyright 1999-2006 Tanuki Software, Inc.  All Rights Reserved.

2020.12.26 14:35:42 INFO  app[][o.s.a.AppFileSystem] Cleaning or creating temp directory /home/pbr/work_ats/sonarqube-8.5.1.38104/temp
2020.12.26 14:35:42 INFO  app[][o.s.a.es.EsSettings] Elasticsearch listening on /127.0.0.1:9001
2020.12.26 14:35:42 INFO  app[][o.s.a.ProcessLauncherImpl] Launch process[[key='es', ipcIndex=1, logFilenamePrefix=es]] from [/home/pbr/work_ats/sonarqube-8.5.1.38104/elasticsearch]: /home/pbr/work_ats/sonarqube-8.5.1.38104/elasticsearch/bin/elasticsearch
2020.12.26 14:35:42 INFO  app[][o.s.a.SchedulerImpl] Waiting for Elasticsearch to be up and running
OpenJDK 64-Bit Server VM warning: Option UseConcMarkSweepGC was deprecated in version 9.0 and will likely be removed in a future release.
2020.12.26 14:35:43 INFO  app[][o.e.p.PluginsService] no modules loaded
2020.12.26 14:35:43 INFO  app[][o.e.p.PluginsService] loaded plugin [org.elasticsearch.transport.Netty4Plugin]
2020.12.26 14:35:58 INFO  app[][o.s.a.SchedulerImpl] Process[es] is up
2020.12.26 14:35:58 INFO  app[][o.s.a.ProcessLauncherImpl] Launch process[[key='web', ipcIndex=2, logFilenamePrefix=web]] from [/home/pbr/work_ats/sonarqube-8.5.1.38104]: /usr/lib/jvm/java-11-openjdk-amd64/bin/java -Djava.awt.headless=true -Dfile.encoding=UTF-8 -Djava.io.tmpdir=/home/pbr/work_ats/sonarqube-8.5.1.38104/temp -XX:-OmitStackTraceInFastThrow --add-opens=java.base/java.util=ALL-UNNAMED --add-opens=java.base/java.lang=ALL-UNNAMED --add-opens=java.base/java.io=ALL-UNNAMED --add-opens=java.rmi/sun.rmi.transport=ALL-UNNAMED -Xmx512m -Xms128m -XX:+HeapDumpOnOutOfMemoryError -Dhttp.nonProxyHosts=localhost|127.*|[::1] -cp ./lib/common/*:/home/pbr/work_ats/sonarqube-8.5.1.38104/lib/jdbc/h2/h2-1.4.199.jar org.sonar.server.app.WebServer /home/pbr/work_ats/sonarqube-8.5.1.38104/temp/sq-process13817895162218714411properties
INT trapped.  Shutting down.
2020.12.26 14:36:38 WARN  app[][o.s.a.p.AbstractManagedProcess] Process exited with exit value [es]: 130
2020.12.26 14:36:38 INFO  app[][o.s.a.SchedulerImpl] Process[es] is stopped
<-- Wrapper Stopped
--> Wrapper Started as Console
Launching a JVM...
Wrapper (Version 3.2.3) http://wrapper.tanukisoftware.org
  Copyright 1999-2006 Tanuki Software, Inc.  All Rights Reserved.

2020.12.26 14:37:39 INFO  app[][o.s.a.AppFileSystem] Cleaning or creating temp directory /home/pbr/work_ats/sonarqube-8.5.1.38104/temp
2020.12.26 14:37:39 INFO  app[][o.s.a.es.EsSettings] Elasticsearch listening on /127.0.0.1:9001
2020.12.26 14:37:39 INFO  app[][o.s.a.ProcessLauncherImpl] Launch process[[key='es', ipcIndex=1, logFilenamePrefix=es]] from [/home/pbr/work_ats/sonarqube-8.5.1.38104/elasticsearch]: /home/pbr/work_ats/sonarqube-8.5.1.38104/elasticsearch/bin/elasticsearch
2020.12.26 14:37:39 INFO  app[][o.s.a.SchedulerImpl] Waiting for Elasticsearch to be up and running
OpenJDK 64-Bit Server VM warning: Option UseConcMarkSweepGC was deprecated in version 9.0 and will likely be removed in a future release.
2020.12.26 14:37:40 INFO  app[][o.e.p.PluginsService] no modules loaded
2020.12.26 14:37:40 INFO  app[][o.e.p.PluginsService] loaded plugin [org.elasticsearch.transport.Netty4Plugin]
2020.12.26 14:37:55 INFO  app[][o.s.a.SchedulerImpl] Process[es] is up
2020.12.26 14:37:55 INFO  app[][o.s.a.ProcessLauncherImpl] Launch process[[key='web', ipcIndex=2, logFilenamePrefix=web]] from [/home/pbr/work_ats/sonarqube-8.5.1.38104]: /usr/lib/jvm/java-11-openjdk-amd64/bin/java -Djava.awt.headless=true -Dfile.encoding=UTF-8 -Djava.io.tmpdir=/home/pbr/work_ats/sonarqube-8.5.1.38104/temp -XX:-OmitStackTraceInFastThrow --add-opens=java.base/java.util=ALL-UNNAMED --add-opens=java.base/java.lang=ALL-UNNAMED --add-opens=java.base/java.io=ALL-UNNAMED --add-opens=java.rmi/sun.rmi.transport=ALL-UNNAMED -Xmx512m -Xms128m -XX:+HeapDumpOnOutOfMemoryError -Dhttp.nonProxyHosts=localhost|127.*|[::1] -cp ./lib/common/*:/home/pbr/work_ats/sonarqube-8.5.1.38104/lib/jdbc/h2/h2-1.4.199.jar org.sonar.server.app.WebServer /home/pbr/work_ats/sonarqube-8.5.1.38104/temp/sq-process441392609570487062properties
2020.12.26 14:38:31 INFO  app[][o.s.a.SchedulerImpl] Process[web] is up
2020.12.26 14:38:31 INFO  app[][o.s.a.ProcessLauncherImpl] Launch process[[key='ce', ipcIndex=3, logFilenamePrefix=ce]] from [/home/pbr/work_ats/sonarqube-8.5.1.38104]: /usr/lib/jvm/java-11-openjdk-amd64/bin/java -Djava.awt.headless=true -Dfile.encoding=UTF-8 -Djava.io.tmpdir=/home/pbr/work_ats/sonarqube-8.5.1.38104/temp -XX:-OmitStackTraceInFastThrow --add-opens=java.base/java.util=ALL-UNNAMED -Xmx512m -Xms128m -XX:+HeapDumpOnOutOfMemoryError -Dhttp.nonProxyHosts=localhost|127.*|[::1] -cp ./lib/common/*:/home/pbr/work_ats/sonarqube-8.5.1.38104/lib/jdbc/h2/h2-1.4.199.jar org.sonar.ce.app.CeServer /home/pbr/work_ats/sonarqube-8.5.1.38104/temp/sq-process10481890992653256146properties
2020.12.26 14:38:39 INFO  app[][o.s.a.SchedulerImpl] Process[ce] is up
2020.12.26 14:38:39 INFO  app[][o.s.a.SchedulerImpl] SonarQube is up
2020.12.26 16:02:27 WARN  app[][o.s.a.p.AbstractManagedProcess] Process exited with exit value [ce]: 129
2020.12.26 16:02:27 INFO  app[][o.s.a.SchedulerImpl] Process[ce] is stopped
2020.12.26 16:02:27 WARN  app[][o.s.a.p.AbstractManagedProcess] Process exited with exit value [es]: 129
2020.12.26 16:02:27 INFO  app[][o.s.a.SchedulerImpl] Process[es] is stopped
2020.12.26 16:02:29 WARN  app[][o.s.a.p.AbstractManagedProcess] Process exited with exit value [web]: 129
2020.12.26 16:02:29 INFO  app[][o.s.a.SchedulerImpl] Process[web] is stopped
2020.12.26 16:02:29 INFO  app[][o.s.a.SchedulerImpl] SonarQube is stopped
<-- Wrapper Stopped
--> Wrapper Started as Console
Launching a JVM...
Wrapper (Version 3.2.3) http://wrapper.tanukisoftware.org
  Copyright 1999-2006 Tanuki Software, Inc.  All Rights Reserved.

2020.12.26 16:03:27 INFO  app[][o.s.a.AppFileSystem] Cleaning or creating temp directory /home/pbr/work_ats/sonarqube-8.5.1.38104/temp
2020.12.26 16:03:27 INFO  app[][o.s.a.es.EsSettings] Elasticsearch listening on /127.0.0.1:9001
2020.12.26 16:03:27 INFO  app[][o.s.a.ProcessLauncherImpl] Launch process[[key='es', ipcIndex=1, logFilenamePrefix=es]] from [/home/pbr/work_ats/sonarqube-8.5.1.38104/elasticsearch]: /home/pbr/work_ats/sonarqube-8.5.1.38104/elasticsearch/bin/elasticsearch
2020.12.26 16:03:27 INFO  app[][o.s.a.SchedulerImpl] Waiting for Elasticsearch to be up and running
OpenJDK 64-Bit Server VM warning: Option UseConcMarkSweepGC was deprecated in version 9.0 and will likely be removed in a future release.
2020.12.26 16:03:28 INFO  app[][o.e.p.PluginsService] no modules loaded
2020.12.26 16:03:28 INFO  app[][o.e.p.PluginsService] loaded plugin [org.elasticsearch.transport.Netty4Plugin]
2020.12.26 16:03:45 INFO  app[][o.s.a.SchedulerImpl] Process[es] is up
2020.12.26 16:03:45 INFO  app[][o.s.a.ProcessLauncherImpl] Launch process[[key='web', ipcIndex=2, logFilenamePrefix=web]] from [/home/pbr/work_ats/sonarqube-8.5.1.38104]: /usr/lib/jvm/java-11-openjdk-amd64/bin/java -Djava.awt.headless=true -Dfile.encoding=UTF-8 -Djava.io.tmpdir=/home/pbr/work_ats/sonarqube-8.5.1.38104/temp -XX:-OmitStackTraceInFastThrow --add-opens=java.base/java.util=ALL-UNNAMED --add-opens=java.base/java.lang=ALL-UNNAMED --add-opens=java.base/java.io=ALL-UNNAMED --add-opens=java.rmi/sun.rmi.transport=ALL-UNNAMED -Xmx512m -Xms128m -XX:+HeapDumpOnOutOfMemoryError -Dhttp.nonProxyHosts=localhost|127.*|[::1] -cp ./lib/common/*:/home/pbr/work_ats/sonarqube-8.5.1.38104/lib/jdbc/h2/h2-1.4.199.jar org.sonar.server.app.WebServer /home/pbr/work_ats/sonarqube-8.5.1.38104/temp/sq-process61084008459904486properties
2020.12.26 16:04:28 INFO  app[][o.s.a.SchedulerImpl] Process[web] is up
2020.12.26 16:04:28 INFO  app[][o.s.a.ProcessLauncherImpl] Launch process[[key='ce', ipcIndex=3, logFilenamePrefix=ce]] from [/home/pbr/work_ats/sonarqube-8.5.1.38104]: /usr/lib/jvm/java-11-openjdk-amd64/bin/java -Djava.awt.headless=true -Dfile.encoding=UTF-8 -Djava.io.tmpdir=/home/pbr/work_ats/sonarqube-8.5.1.38104/temp -XX:-OmitStackTraceInFastThrow --add-opens=java.base/java.util=ALL-UNNAMED -Xmx512m -Xms128m -XX:+HeapDumpOnOutOfMemoryError -Dhttp.nonProxyHosts=localhost|127.*|[::1] -cp ./lib/common/*:/home/pbr/work_ats/sonarqube-8.5.1.38104/lib/jdbc/h2/h2-1.4.199.jar org.sonar.ce.app.CeServer /home/pbr/work_ats/sonarqube-8.5.1.38104/temp/sq-process8902467083776473450properties
2020.12.26 16:04:39 INFO  app[][o.s.a.SchedulerImpl] Process[ce] is up
2020.12.26 16:04:39 INFO  app[][o.s.a.SchedulerImpl] SonarQube is up
2020.12.26 18:24:11 WARN  app[][o.s.a.p.AbstractManagedProcess] Process exited with exit value [ce]: 129
2020.12.26 18:24:11 INFO  app[][o.s.a.SchedulerImpl] Process[ce] is stopped
2020.12.26 18:24:12 WARN  app[][o.s.a.p.AbstractManagedProcess] Process exited with exit value [es]: 129
2020.12.26 18:24:12 INFO  app[][o.s.a.SchedulerImpl] Process[es] is stopped
<-- Wrapper Stopped
