* Starting client
* Connecting to master process on port 12082
* Analyzing classpath: 
  - /home/pbr/work_ats/analysis/projects/83/target/classes
  - /home/pbr/.m2/repository/junit/junit/4.12/junit-4.12.jar
  - /home/pbr/.m2/repository/org/hamcrest/hamcrest-core/1.3/hamcrest-core-1.3.jar
* Finished analyzing classpath
* Generating tests for class Utilizador
* Test criteria:
  - Line Coverage
  - Branch Coverage
  - Exception
  - Mutation testing (weak)
  - Method-Output Coverage
  - Top-Level Method Coverage
  - No-Exception Top-Level Method Coverage
  - Context Branch Coverage
* Setting up search algorithm for whole suite generation
[MASTER] 18:06:41.313 [pool-2-thread-1] WARN  TestSuiteSerialization - Cannot load tests because file does not exist: /home/pbr/work_ats/analysis/projects/83/.evosuite/evosuite-seeds/Utilizador.seed
* Loaded 0 tests from /home/pbr/work_ats/analysis/projects/83/.evosuite/evosuite-seeds/Utilizador.seed
* Total number of test goals: 
  - Line 81
  - Branch 39
  - Exception 0
  - MutationFactory 46
  - Output 48
  - Method 23
  - MethodNoException 23
  - CBranchFitnessFactory 39
* Using seed 1611597983991
* Starting evolution
[MASTER] 18:06:41.918 [pool-2-thread-1] WARN  TimeController - Phase INITIALIZATION lasted too long, 8 seconds more than allowed.
* Search finished after 59s and 20 generations, 8628 statements, best individual has fitness: 131.578853046595
* Writing sequences to pool
* Minimizing test suite
[MASTER] 18:07:49.753 [pool-2-thread-1] WARN  TestSuiteMinimizer - Minimization timeout. Roll back to original test suite
* Going to analyze the coverage criteria
* Coverage analysis for criterion LINE
* Coverage of criterion LINE: 63%
* Total number of goals: 81
* Number of covered goals: 51
* Coverage analysis for criterion BRANCH
* Coverage of criterion BRANCH: 51%
* Total number of goals: 39
* Number of covered goals: 20
* Coverage analysis for criterion EXCEPTION
* Coverage of criterion EXCEPTION: 100%
* Total number of goals: 8
* Number of covered goals: 8
* Coverage analysis for criterion WEAKMUTATION
* Coverage of criterion WEAKMUTATION: 43%
* Total number of goals: 46
* Number of covered goals: 20
* Coverage analysis for criterion OUTPUT
* Coverage of criterion OUTPUT: 52%
* Total number of goals: 48
* Number of covered goals: 25
* Coverage analysis for criterion METHOD
* Coverage of criterion METHOD: 100%
* Total number of goals: 23
* Number of covered goals: 23
* Coverage analysis for criterion METHODNOEXCEPTION
* Coverage of criterion METHODNOEXCEPTION: 78%
* Total number of goals: 23
* Number of covered goals: 18
* Coverage analysis for criterion CBRANCH
* Coverage of criterion CBRANCH: 51%
* Total number of goals: 39
* Number of covered goals: 20
* Generated 31 tests with total length 382
* Resulting test suite's coverage: 67% (average coverage for all fitness functions)
* Generating assertions
[MASTER] 18:07:56.949 [pool-2-thread-1] WARN  SimpleMutationAssertionGenerator - Assertion minimization is taking too long (0.815625% of time used, but only 6/31 tests minimized), falling back to using all assertions
* Resulting test suite's mutation score: 30%
* Compiling and checking tests
[MASTER] 18:08:05.910 [pool-2-thread-1] WARN  TimeController - Current phase WRITING_TESTS could run up to 8s, but only 4s are left
* Writing JUnit test case 'Utilizador_ESTest' to /home/pbr/work_ats/analysis/projects/83/.evosuite/tmp_2021_01_25_18_01_26/tests
* Done!

