* Starting client
* Connecting to master process on port 18604
* Analyzing classpath: 
  - /home/pbr/work_ats/analysis/projects/83/target/classes
  - /home/pbr/.m2/repository/junit/junit/4.12/junit-4.12.jar
  - /home/pbr/.m2/repository/org/hamcrest/hamcrest-core/1.3/hamcrest-core-1.3.jar
* Finished analyzing classpath
* Generating tests for class LinhaEncomenda
* Test criteria:
  - Line Coverage
  - Branch Coverage
  - Exception
  - Mutation testing (weak)
  - Method-Output Coverage
  - Top-Level Method Coverage
  - No-Exception Top-Level Method Coverage
  - Context Branch Coverage
* Setting up search algorithm for whole suite generation
[MASTER] 18:07:45.088 [pool-2-thread-1] WARN  TestSuiteSerialization - Cannot load tests because file does not exist: /home/pbr/work_ats/analysis/projects/83/.evosuite/evosuite-seeds/LinhaEncomenda.seed
* Loaded 0 tests from /home/pbr/work_ats/analysis/projects/83/.evosuite/evosuite-seeds/LinhaEncomenda.seed
* Total number of test goals: 
  - Line 51
  - Branch 35
  - Exception 0
  - MutationFactory 58
  - Output 28
  - Method 15
  - MethodNoException 15
  - CBranchFitnessFactory 35
* Using seed 1611598046793
* Starting evolution
[MASTER] 18:07:45.643 [pool-2-thread-1] WARN  TimeController - Phase INITIALIZATION lasted too long, 9 seconds more than allowed.
* Search finished after 54s and 27 generations, 21802 statements, best individual has fitness: 9.249999995585927
* Writing sequences to pool
* Minimizing test suite
[MASTER] 18:08:50.171 [pool-2-thread-1] WARN  TestSuiteMinimizer - Minimization timeout. Roll back to original test suite
* Going to analyze the coverage criteria
* Coverage analysis for criterion LINE
* Coverage of criterion LINE: 100%
* Total number of goals: 51
* Number of covered goals: 51
* Coverage analysis for criterion BRANCH
* Coverage of criterion BRANCH: 100%
* Total number of goals: 35
* Number of covered goals: 35
* Coverage analysis for criterion EXCEPTION
* Coverage of criterion EXCEPTION: 100%
* Total number of goals: 3
* Number of covered goals: 3
* Coverage analysis for criterion WEAKMUTATION
* Coverage of criterion WEAKMUTATION: 90%
* Total number of goals: 58
* Number of covered goals: 52
* Coverage analysis for criterion OUTPUT
* Coverage of criterion OUTPUT: 89%
* Total number of goals: 28
* Number of covered goals: 25
* Coverage analysis for criterion METHOD
* Coverage of criterion METHOD: 100%
* Total number of goals: 15
* Number of covered goals: 15
* Coverage analysis for criterion METHODNOEXCEPTION
* Coverage of criterion METHODNOEXCEPTION: 100%
* Total number of goals: 15
* Number of covered goals: 15
* Coverage analysis for criterion CBRANCH
* Coverage of criterion CBRANCH: 100%
* Total number of goals: 35
* Number of covered goals: 35
* Generated 35 tests with total length 430
* Resulting test suite's coverage: 97% (average coverage for all fitness functions)
* Generating assertions
[MASTER] 18:09:00.923 [pool-2-thread-1] WARN  SimpleMutationAssertionGenerator - Reached maximum time to generate assertions, aborting assertion generation
* Resulting test suite's mutation score: 53%
* Compiling and checking tests
[MASTER] 18:09:01.067 [pool-2-thread-1] WARN  TimeController - Phase ASSERTION_GENERATION lasted too long, 2 seconds more than allowed.
