* Starting client
* Connecting to master process on port 10137
* Analyzing classpath: 
  - /home/pbr/work_ats/analysis/projects/2/target/classes
  - /home/pbr/.m2/repository/junit/junit/4.12/junit-4.12.jar
  - /home/pbr/.m2/repository/org/hamcrest/hamcrest-core/1.3/hamcrest-core-1.3.jar
* Finished analyzing classpath
* Generating tests for class DataBase
* Test criteria:
  - Line Coverage
  - Branch Coverage
  - Exception
  - Mutation testing (weak)
  - Method-Output Coverage
  - Top-Level Method Coverage
  - No-Exception Top-Level Method Coverage
  - Context Branch Coverage
* Setting up search algorithm for whole suite generation
[MASTER] 17:41:10.542 [pool-2-thread-1] WARN  TestSuiteSerialization - Cannot load tests because file does not exist: /home/pbr/work_ats/analysis/projects/2/.evosuite/evosuite-seeds/DataBase.seed
* Loaded 0 tests from /home/pbr/work_ats/analysis/projects/2/.evosuite/evosuite-seeds/DataBase.seed
* Total number of test goals: 
  - Line 83
  - Branch 31
  - Exception 0
  - MutationFactory 21
  - Output 116
  - Method 26
  - MethodNoException 26
  - CBranchFitnessFactory 31
* Using seed 1611596457011
* Starting evolution
[MASTER] 17:41:11.184 [pool-2-thread-1] WARN  TimeController - Phase INITIALIZATION lasted too long, 5 seconds more than allowed.
* Search finished after 59s and 15 generations, 8633 statements, best individual has fitness: 75.80263157894737
* Writing sequences to pool
* Minimizing test suite
[MASTER] 17:42:20.460 [pool-2-thread-1] WARN  TestSuiteMinimizer - Minimization timeout. Roll back to original test suite
* Going to analyze the coverage criteria
* Coverage analysis for criterion LINE
* Coverage of criterion LINE: 96%
* Total number of goals: 83
* Number of covered goals: 80
* Coverage analysis for criterion BRANCH
* Coverage of criterion BRANCH: 100%
* Total number of goals: 31
* Number of covered goals: 31
* Coverage analysis for criterion EXCEPTION
* Coverage of criterion EXCEPTION: 100%
* Total number of goals: 18
* Number of covered goals: 18
* Coverage analysis for criterion WEAKMUTATION
* Coverage of criterion WEAKMUTATION: 90%
* Total number of goals: 21
* Number of covered goals: 19
* Coverage analysis for criterion OUTPUT
* Coverage of criterion OUTPUT: 37%
* Total number of goals: 116
* Number of covered goals: 43
* Coverage analysis for criterion METHOD
* Coverage of criterion METHOD: 100%
* Total number of goals: 26
* Number of covered goals: 26
* Coverage analysis for criterion METHODNOEXCEPTION
* Coverage of criterion METHODNOEXCEPTION: 96%
* Total number of goals: 26
* Number of covered goals: 25
* Coverage analysis for criterion CBRANCH
* Coverage of criterion CBRANCH: 100%
* Total number of goals: 31
* Number of covered goals: 31
* Generated 44 tests with total length 804
* Resulting test suite's coverage: 90% (average coverage for all fitness functions)
* Generating assertions
[MASTER] 17:42:29.902 [pool-2-thread-1] WARN  SimpleMutationAssertionGenerator - Reached maximum time to generate assertions, aborting assertion generation
* Resulting test suite's mutation score: 4%
* Compiling and checking tests
[MASTER] 17:42:30.079 [pool-2-thread-1] WARN  TimeController - Phase ASSERTION_GENERATION lasted too long, 0 seconds more than allowed.
[MASTER] 17:42:35.795 [pool-2-thread-1] WARN  TimeController - Current phase WRITING_TESTS could run up to 8s, but only 6s are left
* Writing JUnit test case 'DataBase_ESTest' to /home/pbr/work_ats/analysis/projects/2/.evosuite/tmp_2021_01_25_17_38_39/tests
* Done!

