* Starting client
* Connecting to master process on port 20318
* Analyzing classpath: 
  - /home/pbr/work_ats/analysis/projects/83/target/classes
  - /home/pbr/.m2/repository/junit/junit/4.12/junit-4.12.jar
  - /home/pbr/.m2/repository/org/hamcrest/hamcrest-core/1.3/hamcrest-core-1.3.jar
* Finished analyzing classpath
* Generating tests for class BDProdutos
* Test criteria:
  - Line Coverage
  - Branch Coverage
  - Exception
  - Mutation testing (weak)
  - Method-Output Coverage
  - Top-Level Method Coverage
  - No-Exception Top-Level Method Coverage
  - Context Branch Coverage
* Setting up search algorithm for whole suite generation
[MASTER] 21:40:25.349 [pool-2-thread-1] WARN  TestSuiteSerialization - Cannot load tests because file does not exist: /home/pbr/work_ats/analysis/projects/83/.evosuite/evosuite-seeds/BDProdutos.seed
* Loaded 0 tests from /home/pbr/work_ats/analysis/projects/83/.evosuite/evosuite-seeds/BDProdutos.seed
* Total number of test goals: 
  - Line 58
  - Branch 47
  - Exception 0
  - MutationFactory 67
  - Output 35
  - Method 16
  - MethodNoException 16
  - CBranchFitnessFactory 47
* Using seed 1611438013190
* Starting evolution
[MASTER] 21:40:25.735 [pool-2-thread-1] WARN  TimeController - Phase INITIALIZATION lasted too long, 1 seconds more than allowed.
* Search finished after 72s and 38 generations, 26627 statements, best individual has fitness: 45.59090669064506
* Writing sequences to pool
* Minimizing test suite
[MASTER] 21:41:49.093 [pool-2-thread-1] WARN  TestSuiteMinimizer - Minimization timeout. Roll back to original test suite
* Going to analyze the coverage criteria
* Coverage analysis for criterion LINE
* Coverage of criterion LINE: 100%
* Total number of goals: 58
* Number of covered goals: 58
* Coverage analysis for criterion BRANCH
* Coverage of criterion BRANCH: 91%
* Total number of goals: 47
* Number of covered goals: 43
* Coverage analysis for criterion EXCEPTION
* Coverage of criterion EXCEPTION: 100%
* Total number of goals: 10
* Number of covered goals: 10
* Coverage analysis for criterion WEAKMUTATION
* Coverage of criterion WEAKMUTATION: 81%
* Total number of goals: 67
* Number of covered goals: 54
* Coverage analysis for criterion OUTPUT
* Coverage of criterion OUTPUT: 49%
* Total number of goals: 35
* Number of covered goals: 17
* Coverage analysis for criterion METHOD
* Coverage of criterion METHOD: 100%
* Total number of goals: 16
* Number of covered goals: 16
* Coverage analysis for criterion METHODNOEXCEPTION
* Coverage of criterion METHODNOEXCEPTION: 100%
* Total number of goals: 16
* Number of covered goals: 16
* Coverage analysis for criterion CBRANCH
* Coverage of criterion CBRANCH: 89%
* Total number of goals: 47
* Number of covered goals: 42
* Generated 38 tests with total length 730
* Resulting test suite's coverage: 89% (average coverage for all fitness functions)
* Generating assertions
[MASTER] 21:41:57.159 [pool-2-thread-1] WARN  SimpleMutationAssertionGenerator - Assertion minimization is taking too long (0.7462% of time used, but only 4/38 tests minimized), falling back to using all assertions
* Resulting test suite's mutation score: 58%
* Compiling and checking tests
* Writing JUnit test case 'BDProdutos_ESTest' to /home/pbr/work_ats/analysis/projects/83/.evosuite/tmp_2021_01_23_21_36_49/tests
* Done!

