* Starting client
* Connecting to master process on port 19256
* Analyzing classpath: 
  - /home/pbr/work_ats/analysis/projects/2/target/classes
  - /home/pbr/.m2/repository/junit/junit/4.12/junit-4.12.jar
  - /home/pbr/.m2/repository/org/hamcrest/hamcrest-core/1.3/hamcrest-core-1.3.jar
* Finished analyzing classpath
* Generating tests for class Perfil
* Test criteria:
  - Line Coverage
  - Branch Coverage
  - Exception
  - Mutation testing (weak)
  - Method-Output Coverage
  - Top-Level Method Coverage
  - No-Exception Top-Level Method Coverage
  - Context Branch Coverage
* Setting up search algorithm for whole suite generation
[MASTER] 21:17:52.950 [pool-2-thread-1] WARN  TestSuiteSerialization - Cannot load tests because file does not exist: /home/pbr/work_ats/analysis/projects/2/.evosuite/evosuite-seeds/Perfil.seed
* Loaded 0 tests from /home/pbr/work_ats/analysis/projects/2/.evosuite/evosuite-seeds/Perfil.seed
* Total number of test goals: 
  - Line 44
  - Branch 27
  - Exception 0
  - MutationFactory 26
  - Output 25
  - Method 12
  - MethodNoException 12
  - CBranchFitnessFactory 27
* Using seed 1611436663726
* Starting evolution
* Search finished after 64s and 109 generations, 84462 statements, best individual has fitness: 18.249999995343387
* Writing sequences to pool
* Minimizing test suite
* Going to analyze the coverage criteria
* Coverage analysis for criterion LINE
* Coverage of criterion LINE: 100%
* Total number of goals: 44
* Number of covered goals: 44
* Coverage analysis for criterion BRANCH
* Coverage of criterion BRANCH: 93%
* Total number of goals: 27
* Number of covered goals: 25
* Coverage analysis for criterion EXCEPTION
* Coverage of criterion EXCEPTION: 100%
* Total number of goals: 3
* Number of covered goals: 3
* Coverage analysis for criterion WEAKMUTATION
* Coverage of criterion WEAKMUTATION: 85%
* Total number of goals: 26
* Number of covered goals: 22
* Coverage analysis for criterion OUTPUT
* Coverage of criterion OUTPUT: 88%
* Total number of goals: 25
* Number of covered goals: 22
* Coverage analysis for criterion METHOD
* Coverage of criterion METHOD: 100%
* Total number of goals: 12
* Number of covered goals: 12
* Coverage analysis for criterion METHODNOEXCEPTION
* Coverage of criterion METHODNOEXCEPTION: 100%
* Total number of goals: 12
* Number of covered goals: 12
* Coverage analysis for criterion CBRANCH
* Coverage of criterion CBRANCH: 78%
* Total number of goals: 27
* Number of covered goals: 21
* Generated 28 tests with total length 79
* Resulting test suite's coverage: 93% (average coverage for all fitness functions)
* Generating assertions
* Resulting test suite's mutation score: 69%
* Compiling and checking tests
* Writing JUnit test case 'Perfil_ESTest' to /home/pbr/work_ats/analysis/projects/2/.evosuite/tmp_2021_01_23_21_17_38/tests
* Done!

