* Starting client
* Connecting to master process on port 19808
* Analyzing classpath: 
  - /home/pbr/work_ats/analysis/projects/2/target/classes
  - /home/pbr/.m2/repository/junit/junit/4.12/junit-4.12.jar
  - /home/pbr/.m2/repository/org/hamcrest/hamcrest-core/1.3/hamcrest-core-1.3.jar
* Finished analyzing classpath
* Generating tests for class Ponto2D
* Test criteria:
  - Line Coverage
  - Branch Coverage
  - Exception
  - Mutation testing (weak)
  - Method-Output Coverage
  - Top-Level Method Coverage
  - No-Exception Top-Level Method Coverage
  - Context Branch Coverage
* Setting up search algorithm for whole suite generation
[MASTER] 21:17:52.324 [pool-2-thread-1] WARN  TestSuiteSerialization - Cannot load tests because file does not exist: /home/pbr/work_ats/analysis/projects/2/.evosuite/evosuite-seeds/Ponto2D.seed
* Loaded 0 tests from /home/pbr/work_ats/analysis/projects/2/.evosuite/evosuite-seeds/Ponto2D.seed
* Total number of test goals: 
  - Line 44
  - Branch 27
  - Exception 0
  - MutationFactory 79
  - Output 31
  - Method 15
  - MethodNoException 15
  - CBranchFitnessFactory 27
* Using seed 1611436663934
* Starting evolution
* Search finished after 64s and 92 generations, 49944 statements, best individual has fitness: 6.166666666666667
* Writing sequences to pool
* Minimizing test suite
* Going to analyze the coverage criteria
* Coverage analysis for criterion LINE
* Coverage of criterion LINE: 100%
* Total number of goals: 44
* Number of covered goals: 44
* Coverage analysis for criterion BRANCH
* Coverage of criterion BRANCH: 100%
* Total number of goals: 27
* Number of covered goals: 27
* Coverage analysis for criterion EXCEPTION
* Coverage of criterion EXCEPTION: 100%
* Total number of goals: 5
* Number of covered goals: 5
* Coverage analysis for criterion WEAKMUTATION
* Coverage of criterion WEAKMUTATION: 100%
* Total number of goals: 79
* Number of covered goals: 79
* Coverage analysis for criterion OUTPUT
* Coverage of criterion OUTPUT: 81%
* Total number of goals: 31
* Number of covered goals: 25
* Coverage analysis for criterion METHOD
* Coverage of criterion METHOD: 100%
* Total number of goals: 15
* Number of covered goals: 15
* Coverage analysis for criterion METHODNOEXCEPTION
* Coverage of criterion METHODNOEXCEPTION: 100%
* Total number of goals: 15
* Number of covered goals: 15
* Coverage analysis for criterion CBRANCH
* Coverage of criterion CBRANCH: 100%
* Total number of goals: 27
* Number of covered goals: 27
* Generated 32 tests with total length 98
* Resulting test suite's coverage: 98% (average coverage for all fitness functions)
* Generating assertions
* Resulting test suite's mutation score: 88%
* Compiling and checking tests
* Writing JUnit test case 'Ponto2D_ESTest' to /home/pbr/work_ats/analysis/projects/2/.evosuite/tmp_2021_01_23_21_17_38/tests
* Done!

