* Starting client
* Connecting to master process on port 16236
* Analyzing classpath: 
  - /home/pbr/work_ats/analysis/projects/67/target/classes
  - /home/pbr/.m2/repository/junit/junit/4.12/junit-4.12.jar
  - /home/pbr/.m2/repository/org/hamcrest/hamcrest-core/1.3/hamcrest-core-1.3.jar
* Finished analyzing classpath
* Generating tests for class MVC.Models.Catalogs.Lojas
* Test criteria:
  - Line Coverage
  - Branch Coverage
  - Exception
  - Mutation testing (weak)
  - Method-Output Coverage
  - Top-Level Method Coverage
  - No-Exception Top-Level Method Coverage
  - Context Branch Coverage
* Setting up search algorithm for whole suite generation
[MASTER] 21:27:06.502 [pool-2-thread-1] WARN  TestSuiteSerialization - Cannot load tests because file does not exist: /home/pbr/work_ats/analysis/projects/67/.evosuite/evosuite-seeds/MVC.Models.Catalogs.Lojas.seed
* Loaded 0 tests from /home/pbr/work_ats/analysis/projects/67/.evosuite/evosuite-seeds/MVC.Models.Catalogs.Lojas.seed
* Total number of test goals: 
  - Line 50
  - Branch 26
  - Exception 0
  - MutationFactory 31
  - Output 29
  - Method 19
  - MethodNoException 19
  - CBranchFitnessFactory 26
* Using seed 1611437217984
* Starting evolution
* Search finished after 52s and 74 generations, 26122 statements, best individual has fitness: 18.083333333333332
* Writing sequences to pool
* Minimizing test suite
* Going to analyze the coverage criteria
* Coverage analysis for criterion LINE
* Coverage of criterion LINE: 100%
* Total number of goals: 50
* Number of covered goals: 50
* Coverage analysis for criterion BRANCH
* Coverage of criterion BRANCH: 96%
* Total number of goals: 26
* Number of covered goals: 25
* Coverage analysis for criterion EXCEPTION
* Coverage of criterion EXCEPTION: 100%
* Total number of goals: 11
* Number of covered goals: 11
* Coverage analysis for criterion WEAKMUTATION
* Coverage of criterion WEAKMUTATION: 94%
* Total number of goals: 31
* Number of covered goals: 29
* Coverage analysis for criterion OUTPUT
* Coverage of criterion OUTPUT: 52%
* Total number of goals: 29
* Number of covered goals: 15
* Coverage analysis for criterion METHOD
* Coverage of criterion METHOD: 100%
* Total number of goals: 19
* Number of covered goals: 19
* Coverage analysis for criterion METHODNOEXCEPTION
* Coverage of criterion METHODNOEXCEPTION: 95%
* Total number of goals: 19
* Number of covered goals: 18
* Coverage analysis for criterion CBRANCH
* Coverage of criterion CBRANCH: 96%
* Total number of goals: 26
* Number of covered goals: 25
* Generated 29 tests with total length 98
* Resulting test suite's coverage: 92% (average coverage for all fitness functions)
* Generating assertions
* Resulting test suite's mutation score: 38%
* Compiling and checking tests
* Writing JUnit test case 'Lojas_ESTest' to /home/pbr/work_ats/analysis/projects/67/.evosuite/tmp_2021_01_23_21_24_36/tests
* Done!

