* Starting client
* Connecting to master process on port 2719
* Analyzing classpath: 
  - /home/pbr/work_ats/projects_maven/67/target/classes
  - /home/pbr/.m2/repository/junit/junit/4.12/junit-4.12.jar
  - /home/pbr/.m2/repository/org/hamcrest/hamcrest-core/1.3/hamcrest-core-1.3.jar
* Finished analyzing classpath
* Generating tests for class MVC.Models.BaseModels.Transportadora
* Test criteria:
  - Line Coverage
  - Branch Coverage
  - Exception
  - Mutation testing (weak)
  - Method-Output Coverage
  - Top-Level Method Coverage
  - No-Exception Top-Level Method Coverage
  - Context Branch Coverage
* Setting up search algorithm for whole suite generation
[MASTER] 20:13:05.028 [pool-2-thread-1] WARN  TestSuiteSerialization - Cannot load tests because file does not exist: /home/pbr/work_ats/projects_maven/67/.evosuite/evosuite-seeds/MVC.Models.BaseModels.Transportadora.seed
* Loaded 0 tests from /home/pbr/work_ats/projects_maven/67/.evosuite/evosuite-seeds/MVC.Models.BaseModels.Transportadora.seed
* Total number of test goals: 
  - Line 75
  - Branch 24
  - Exception 0
  - MutationFactory 66
  - Output 57
  - Method 22
  - MethodNoException 22
  - CBranchFitnessFactory 24
* Using seed 1609099980934
* Starting evolution
* Search finished after 41s and 425 generations, 156458 statements, best individual has fitness: 5.5
* Writing sequences to pool
* Minimizing test suite
* Going to analyze the coverage criteria
* Coverage analysis for criterion LINE
* Coverage of criterion LINE: 100%
* Total number of goals: 75
* Number of covered goals: 75
* Coverage analysis for criterion BRANCH
* Coverage of criterion BRANCH: 100%
* Total number of goals: 24
* Number of covered goals: 24
* Coverage analysis for criterion EXCEPTION
* Coverage of criterion EXCEPTION: 100%
* Total number of goals: 1
* Number of covered goals: 1
* Coverage analysis for criterion WEAKMUTATION
* Coverage of criterion WEAKMUTATION: 100%
* Total number of goals: 66
* Number of covered goals: 66
* Coverage analysis for criterion OUTPUT
* Coverage of criterion OUTPUT: 91%
* Total number of goals: 57
* Number of covered goals: 52
* Coverage analysis for criterion METHOD
* Coverage of criterion METHOD: 100%
* Total number of goals: 22
* Number of covered goals: 22
* Coverage analysis for criterion METHODNOEXCEPTION
* Coverage of criterion METHODNOEXCEPTION: 100%
* Total number of goals: 22
* Number of covered goals: 22
* Coverage analysis for criterion CBRANCH
* Coverage of criterion CBRANCH: 100%
* Total number of goals: 24
* Number of covered goals: 24
* Generated 40 tests with total length 95
* Resulting test suite's coverage: 99% (average coverage for all fitness functions)
* Generating assertions
* Resulting test suite's mutation score: 86%
* Compiling and checking tests
* Writing JUnit test case 'Transportadora_ESTest' to /home/pbr/work_ats/projects_maven/67/.evosuite/tmp_2020_12_27_19_41_13/tests
* Done!

