* Starting client
* Connecting to master process on port 2260
* Analyzing classpath: 
  - /home/pbr/work_ats/analysis/projects/67/target/classes
  - /home/pbr/.m2/repository/junit/junit/4.12/junit-4.12.jar
  - /home/pbr/.m2/repository/org/hamcrest/hamcrest-core/1.3/hamcrest-core-1.3.jar
* Finished analyzing classpath
* Generating tests for class MVC.Models.Catalogs.Utilizadores
* Test criteria:
  - Line Coverage
  - Branch Coverage
  - Exception
  - Mutation testing (weak)
  - Method-Output Coverage
  - Top-Level Method Coverage
  - No-Exception Top-Level Method Coverage
  - Context Branch Coverage
* Setting up search algorithm for whole suite generation
[MASTER] 17:55:12.843 [pool-2-thread-1] WARN  TestSuiteSerialization - Cannot load tests because file does not exist: /home/pbr/work_ats/analysis/projects/67/.evosuite/evosuite-seeds/MVC.Models.Catalogs.Utilizadores.seed
* Loaded 0 tests from /home/pbr/work_ats/analysis/projects/67/.evosuite/evosuite-seeds/MVC.Models.Catalogs.Utilizadores.seed
* Total number of test goals: 
  - Line 35
  - Branch 16
  - Exception 0
  - MutationFactory 16
  - Output 17
  - Method 14
  - MethodNoException 14
  - CBranchFitnessFactory 16
* Using seed 1611597298841
* Starting evolution
[MASTER] 17:55:13.161 [pool-2-thread-1] WARN  TimeController - Phase INITIALIZATION lasted too long, 7 seconds more than allowed.
* Search finished after 45s and 55 generations, 14167 statements, best individual has fitness: 23.625
* Writing sequences to pool
* Minimizing test suite
* Going to analyze the coverage criteria
* Coverage analysis for criterion LINE
* Coverage of criterion LINE: 86%
* Total number of goals: 35
* Number of covered goals: 30
* Coverage analysis for criterion BRANCH
* Coverage of criterion BRANCH: 88%
* Total number of goals: 16
* Number of covered goals: 14
* Coverage analysis for criterion EXCEPTION
* Coverage of criterion EXCEPTION: 100%
* Total number of goals: 7
* Number of covered goals: 7
* Coverage analysis for criterion WEAKMUTATION
* Coverage of criterion WEAKMUTATION: 81%
* Total number of goals: 16
* Number of covered goals: 13
* Coverage analysis for criterion OUTPUT
* Coverage of criterion OUTPUT: 35%
* Total number of goals: 17
* Number of covered goals: 6
* Coverage analysis for criterion METHOD
* Coverage of criterion METHOD: 100%
* Total number of goals: 14
* Number of covered goals: 14
* Coverage analysis for criterion METHODNOEXCEPTION
* Coverage of criterion METHODNOEXCEPTION: 71%
* Total number of goals: 14
* Number of covered goals: 10
* Coverage analysis for criterion CBRANCH
* Coverage of criterion CBRANCH: 88%
* Total number of goals: 16
* Number of covered goals: 14
* Generated 15 tests with total length 30
* Resulting test suite's coverage: 81% (average coverage for all fitness functions)
* Generating assertions
* Resulting test suite's mutation score: 29%
* Compiling and checking tests
[MASTER] 17:56:09.262 [pool-2-thread-1] WARN  TestSuiteGenerator - JUnit checking timed out
[MASTER] 17:56:09.263 [pool-2-thread-1] WARN  TimeController - Phase JUNIT_CHECK lasted too long, 0 seconds more than allowed.
* Writing JUnit test case 'Utilizadores_ESTest' to /home/pbr/work_ats/analysis/projects/67/.evosuite/tmp_2021_01_25_17_47_07/tests
* Done!

