* Starting client
* Connecting to master process on port 19035
* Analyzing classpath: 
  - /home/pbr/work_ats/analysis/projects/83/target/classes
  - /home/pbr/.m2/repository/junit/junit/4.12/junit-4.12.jar
  - /home/pbr/.m2/repository/org/hamcrest/hamcrest-core/1.3/hamcrest-core-1.3.jar
* Finished analyzing classpath
* Generating tests for class Loja
* Test criteria:
  - Line Coverage
  - Branch Coverage
  - Exception
  - Mutation testing (weak)
  - Method-Output Coverage
  - Top-Level Method Coverage
  - No-Exception Top-Level Method Coverage
  - Context Branch Coverage
* Setting up search algorithm for whole suite generation
[MASTER] 21:40:46.864 [pool-2-thread-1] WARN  TestSuiteSerialization - Cannot load tests because file does not exist: /home/pbr/work_ats/analysis/projects/83/.evosuite/evosuite-seeds/Loja.seed
* Loaded 0 tests from /home/pbr/work_ats/analysis/projects/83/.evosuite/evosuite-seeds/Loja.seed
* Total number of test goals: 
  - Line 86
  - Branch 49
  - Exception 0
  - MutationFactory 83
  - Output 57
  - Method 25
  - MethodNoException 25
  - CBranchFitnessFactory 49
* Using seed 1611438035173
* Starting evolution
[MASTER] 21:40:47.121 [pool-2-thread-1] WARN  TimeController - Phase INITIALIZATION lasted too long, 2 seconds more than allowed.
* Search finished after 64s and 35 generations, 14195 statements, best individual has fitness: 89.09022556390977
* Writing sequences to pool
* Minimizing test suite
[MASTER] 21:42:01.317 [pool-2-thread-1] WARN  TestSuiteMinimizer - Minimization timeout. Roll back to original test suite
* Going to analyze the coverage criteria
* Coverage analysis for criterion LINE
* Coverage of criterion LINE: 79%
* Total number of goals: 86
* Number of covered goals: 68
* Coverage analysis for criterion BRANCH
* Coverage of criterion BRANCH: 71%
* Total number of goals: 49
* Number of covered goals: 35
* Coverage analysis for criterion EXCEPTION
* Coverage of criterion EXCEPTION: 100%
* Total number of goals: 6
* Number of covered goals: 6
* Coverage analysis for criterion WEAKMUTATION
* Coverage of criterion WEAKMUTATION: 83%
* Total number of goals: 83
* Number of covered goals: 69
* Coverage analysis for criterion OUTPUT
* Coverage of criterion OUTPUT: 63%
* Total number of goals: 57
* Number of covered goals: 36
* Coverage analysis for criterion METHOD
* Coverage of criterion METHOD: 100%
* Total number of goals: 25
* Number of covered goals: 25
* Coverage analysis for criterion METHODNOEXCEPTION
* Coverage of criterion METHODNOEXCEPTION: 88%
* Total number of goals: 25
* Number of covered goals: 22
* Coverage analysis for criterion CBRANCH
* Coverage of criterion CBRANCH: 71%
* Total number of goals: 49
* Number of covered goals: 35
* Generated 51 tests with total length 505
* Resulting test suite's coverage: 82% (average coverage for all fitness functions)
* Generating assertions
[MASTER] 21:42:08.030 [pool-2-thread-1] WARN  SimpleMutationAssertionGenerator - Assertion minimization is taking too long (0.6782222222222222% of time used, but only 3/51 tests minimized), falling back to using all assertions
* Resulting test suite's mutation score: 36%
* Compiling and checking tests
* Writing JUnit test case 'Loja_ESTest' to /home/pbr/work_ats/analysis/projects/83/.evosuite/tmp_2021_01_23_21_36_49/tests
* Done!

