* Starting client
* Connecting to master process on port 19546
* Analyzing classpath: 
  - /home/pbr/work_ats/analysis/projects/2/target/classes
  - /home/pbr/.m2/repository/junit/junit/4.12/junit-4.12.jar
  - /home/pbr/.m2/repository/org/hamcrest/hamcrest-core/1.3/hamcrest-core-1.3.jar
* Finished analyzing classpath
* Generating tests for class DataBase
* Test criteria:
  - Line Coverage
  - Branch Coverage
  - Exception
  - Mutation testing (weak)
  - Method-Output Coverage
  - Top-Level Method Coverage
  - No-Exception Top-Level Method Coverage
  - Context Branch Coverage
* Setting up search algorithm for whole suite generation
[MASTER] 21:19:33.184 [pool-2-thread-1] WARN  TestSuiteSerialization - Cannot load tests because file does not exist: /home/pbr/work_ats/analysis/projects/2/.evosuite/evosuite-seeds/DataBase.seed
* Loaded 0 tests from /home/pbr/work_ats/analysis/projects/2/.evosuite/evosuite-seeds/DataBase.seed
* Total number of test goals: 
  - Line 83
  - Branch 31
  - Exception 0
  - MutationFactory 21
  - Output 116
  - Method 26
  - MethodNoException 26
  - CBranchFitnessFactory 31
* Using seed 1611436764577
* Starting evolution
[MASTER] 21:19:33.924 [pool-2-thread-1] WARN  TimeController - Phase INITIALIZATION lasted too long, 0 seconds more than allowed.
* Search finished after 59s and 44 generations, 18474 statements, best individual has fitness: 70.80555555555556
* Writing sequences to pool
* Minimizing test suite
[MASTER] 21:20:41.652 [pool-2-thread-1] WARN  TestSuiteMinimizer - Minimization timeout. Roll back to original test suite
* Going to analyze the coverage criteria
* Coverage analysis for criterion LINE
* Coverage of criterion LINE: 96%
* Total number of goals: 83
* Number of covered goals: 80
* Coverage analysis for criterion BRANCH
* Coverage of criterion BRANCH: 100%
* Total number of goals: 31
* Number of covered goals: 31
* Coverage analysis for criterion EXCEPTION
* Coverage of criterion EXCEPTION: 100%
* Total number of goals: 17
* Number of covered goals: 17
* Coverage analysis for criterion WEAKMUTATION
* Coverage of criterion WEAKMUTATION: 90%
* Total number of goals: 21
* Number of covered goals: 19
* Coverage analysis for criterion OUTPUT
* Coverage of criterion OUTPUT: 42%
* Total number of goals: 116
* Number of covered goals: 49
* Coverage analysis for criterion METHOD
* Coverage of criterion METHOD: 100%
* Total number of goals: 26
* Number of covered goals: 26
* Coverage analysis for criterion METHODNOEXCEPTION
* Coverage of criterion METHODNOEXCEPTION: 92%
* Total number of goals: 26
* Number of covered goals: 24
* Coverage analysis for criterion CBRANCH
* Coverage of criterion CBRANCH: 100%
* Total number of goals: 31
* Number of covered goals: 31
* Generated 57 tests with total length 768
* Resulting test suite's coverage: 90% (average coverage for all fitness functions)
* Generating assertions
[MASTER] 21:20:47.462 [pool-2-thread-1] WARN  SimpleMutationAssertionGenerator - Assertion minimization is taking too long (0.68075% of time used, but only 6/57 tests minimized), falling back to using all assertions
* Resulting test suite's mutation score: 17%
* Compiling and checking tests
* Writing JUnit test case 'DataBase_ESTest' to /home/pbr/work_ats/analysis/projects/2/.evosuite/tmp_2021_01_23_21_17_38/tests
* Done!

