* Starting client
* Connecting to master process on port 7488
* Analyzing classpath: 
  - /home/pbr/work_ats/projects_maven/67/target/classes
  - /home/pbr/.m2/repository/junit/junit/4.12/junit-4.12.jar
  - /home/pbr/.m2/repository/org/hamcrest/hamcrest-core/1.3/hamcrest-core-1.3.jar
* Finished analyzing classpath
* Generating tests for class MVC.Models.BaseModels.Encomenda
* Test criteria:
  - Line Coverage
  - Branch Coverage
  - Exception
  - Mutation testing (weak)
  - Method-Output Coverage
  - Top-Level Method Coverage
  - No-Exception Top-Level Method Coverage
  - Context Branch Coverage
* Setting up search algorithm for whole suite generation
[MASTER] 20:00:47.467 [pool-2-thread-1] WARN  TestSuiteSerialization - Cannot load tests because file does not exist: /home/pbr/work_ats/projects_maven/67/.evosuite/evosuite-seeds/MVC.Models.BaseModels.Encomenda.seed
* Loaded 0 tests from /home/pbr/work_ats/projects_maven/67/.evosuite/evosuite-seeds/MVC.Models.BaseModels.Encomenda.seed
* Total number of test goals: 
  - Line 103
  - Branch 40
  - Exception 0
  - MutationFactory 101
  - Output 65
  - Method 28
  - MethodNoException 28
  - CBranchFitnessFactory 40
* Using seed 1609099243398
* Starting evolution
* Search finished after 58s and 179 generations, 109440 statements, best individual has fitness: 6.09999999725654
* Writing sequences to pool
* Minimizing test suite
* Going to analyze the coverage criteria
* Coverage analysis for criterion LINE
* Coverage of criterion LINE: 100%
* Total number of goals: 103
* Number of covered goals: 103
* Coverage analysis for criterion BRANCH
* Coverage of criterion BRANCH: 100%
* Total number of goals: 40
* Number of covered goals: 40
* Coverage analysis for criterion EXCEPTION
* Coverage of criterion EXCEPTION: 100%
* Total number of goals: 9
* Number of covered goals: 9
* Coverage analysis for criterion WEAKMUTATION
* Coverage of criterion WEAKMUTATION: 99%
* Total number of goals: 101
* Number of covered goals: 100
* Coverage analysis for criterion OUTPUT
* Coverage of criterion OUTPUT: 92%
* Total number of goals: 65
* Number of covered goals: 60
* Coverage analysis for criterion METHOD
* Coverage of criterion METHOD: 100%
* Total number of goals: 28
* Number of covered goals: 28
* Coverage analysis for criterion METHODNOEXCEPTION
* Coverage of criterion METHODNOEXCEPTION: 100%
* Total number of goals: 28
* Number of covered goals: 28
* Coverage analysis for criterion CBRANCH
* Coverage of criterion CBRANCH: 100%
* Total number of goals: 40
* Number of covered goals: 40
* Generated 65 tests with total length 207
* Resulting test suite's coverage: 99% (average coverage for all fitness functions)
* Generating assertions
* Resulting test suite's mutation score: 91%
* Compiling and checking tests
* Writing JUnit test case 'Encomenda_ESTest' to /home/pbr/work_ats/projects_maven/67/.evosuite/tmp_2020_12_27_19_41_13/tests
* Done!

