* Starting client
* Connecting to master process on port 21208
* Analyzing classpath: 
  - /home/pbr/work_ats/analysis/projects/83/target/classes
  - /home/pbr/.m2/repository/junit/junit/4.12/junit-4.12.jar
  - /home/pbr/.m2/repository/org/hamcrest/hamcrest-core/1.3/hamcrest-core-1.3.jar
* Finished analyzing classpath
* Generating tests for class BDTransportes
* Test criteria:
  - Line Coverage
  - Branch Coverage
  - Exception
  - Mutation testing (weak)
  - Method-Output Coverage
  - Top-Level Method Coverage
  - No-Exception Top-Level Method Coverage
  - Context Branch Coverage
* Setting up search algorithm for whole suite generation
[MASTER] 21:37:57.997 [pool-2-thread-1] WARN  TestSuiteSerialization - Cannot load tests because file does not exist: /home/pbr/work_ats/analysis/projects/83/.evosuite/evosuite-seeds/BDTransportes.seed
* Loaded 0 tests from /home/pbr/work_ats/analysis/projects/83/.evosuite/evosuite-seeds/BDTransportes.seed
* Total number of test goals: 
  - Line 106
  - Branch 79
  - Exception 0
  - MutationFactory 155
  - Output 113
  - Method 24
  - MethodNoException 24
  - CBranchFitnessFactory 79
* Using seed 1611437861212
* Starting evolution
[MASTER] 21:37:58.927 [pool-2-thread-1] WARN  TimeController - Phase INITIALIZATION lasted too long, 1 seconds more than allowed.
* Search finished after 100s and 31 generations, 13433 statements, best individual has fitness: 427.9025032938076
* Writing sequences to pool
* Minimizing test suite
* Going to analyze the coverage criteria
* Coverage analysis for criterion LINE
* Coverage of criterion LINE: 58%
* Total number of goals: 106
* Number of covered goals: 61
* Coverage analysis for criterion BRANCH
* Coverage of criterion BRANCH: 38%
* Total number of goals: 79
* Number of covered goals: 30
* Coverage analysis for criterion EXCEPTION
* Coverage of criterion EXCEPTION: 100%
* Total number of goals: 10
* Number of covered goals: 10
* Coverage analysis for criterion WEAKMUTATION
* Coverage of criterion WEAKMUTATION: 17%
* Total number of goals: 155
* Number of covered goals: 26
* Coverage analysis for criterion OUTPUT
* Coverage of criterion OUTPUT: 16%
* Total number of goals: 113
* Number of covered goals: 18
* Coverage analysis for criterion METHOD
* Coverage of criterion METHOD: 100%
* Total number of goals: 24
* Number of covered goals: 24
* Coverage analysis for criterion METHODNOEXCEPTION
* Coverage of criterion METHODNOEXCEPTION: 75%
* Total number of goals: 24
* Number of covered goals: 18
* Coverage analysis for criterion CBRANCH
* Coverage of criterion CBRANCH: 38%
* Total number of goals: 79
* Number of covered goals: 30
* Generated 27 tests with total length 68
* Resulting test suite's coverage: 55% (average coverage for all fitness functions)
* Generating assertions
* Resulting test suite's mutation score: 14%
* Compiling and checking tests
* Writing JUnit test case 'BDTransportes_ESTest' to /home/pbr/work_ats/analysis/projects/83/.evosuite/tmp_2021_01_23_21_36_49/tests
* Done!

