* Starting client
* Connecting to master process on port 21567
* Analyzing classpath: 
  - /home/pbr/work_ats/analysis/projects/67/target/classes
  - /home/pbr/.m2/repository/junit/junit/4.12/junit-4.12.jar
  - /home/pbr/.m2/repository/org/hamcrest/hamcrest-core/1.3/hamcrest-core-1.3.jar
* Finished analyzing classpath
* Generating tests for class MVC.Models.Catalogs.Voluntarios
* Test criteria:
  - Line Coverage
  - Branch Coverage
  - Exception
  - Mutation testing (weak)
  - Method-Output Coverage
  - Top-Level Method Coverage
  - No-Exception Top-Level Method Coverage
  - Context Branch Coverage
* Setting up search algorithm for whole suite generation
[MASTER] 17:52:15.332 [pool-2-thread-1] WARN  TestSuiteSerialization - Cannot load tests because file does not exist: /home/pbr/work_ats/analysis/projects/67/.evosuite/evosuite-seeds/MVC.Models.Catalogs.Voluntarios.seed
* Loaded 0 tests from /home/pbr/work_ats/analysis/projects/67/.evosuite/evosuite-seeds/MVC.Models.Catalogs.Voluntarios.seed
* Total number of test goals: 
  - Line 50
  - Branch 20
  - Exception 0
  - MutationFactory 36
  - Output 41
  - Method 15
  - MethodNoException 15
  - CBranchFitnessFactory 20
* Using seed 1611597120601
* Starting evolution
[MASTER] 17:52:15.730 [pool-2-thread-1] WARN  TimeController - Phase INITIALIZATION lasted too long, 6 seconds more than allowed.
* Search finished after 50s and 26 generations, 11159 statements, best individual has fitness: 41.5
* Writing sequences to pool
* Minimizing test suite
[MASTER] 17:53:12.824 [pool-2-thread-1] WARN  TestSuiteMinimizer - Minimization timeout. Roll back to original test suite
* Going to analyze the coverage criteria
* Coverage analysis for criterion LINE
* Coverage of criterion LINE: 82%
* Total number of goals: 50
* Number of covered goals: 41
* Coverage analysis for criterion BRANCH
* Coverage of criterion BRANCH: 90%
* Total number of goals: 20
* Number of covered goals: 18
* Coverage analysis for criterion EXCEPTION
* Coverage of criterion EXCEPTION: 100%
* Total number of goals: 9
* Number of covered goals: 9
* Coverage analysis for criterion WEAKMUTATION
* Coverage of criterion WEAKMUTATION: 44%
* Total number of goals: 36
* Number of covered goals: 16
* Coverage analysis for criterion OUTPUT
* Coverage of criterion OUTPUT: 59%
* Total number of goals: 41
* Number of covered goals: 24
* Coverage analysis for criterion METHOD
* Coverage of criterion METHOD: 100%
* Total number of goals: 15
* Number of covered goals: 15
* Coverage analysis for criterion METHODNOEXCEPTION
* Coverage of criterion METHODNOEXCEPTION: 100%
* Total number of goals: 15
* Number of covered goals: 15
* Coverage analysis for criterion CBRANCH
* Coverage of criterion CBRANCH: 90%
* Total number of goals: 20
* Number of covered goals: 18
* Generated 26 tests with total length 448
* Resulting test suite's coverage: 83% (average coverage for all fitness functions)
* Generating assertions
[MASTER] 17:53:20.370 [pool-2-thread-1] WARN  SimpleMutationAssertionGenerator - Reached maximum time to generate assertions, aborting assertion generation
* Resulting test suite's mutation score: 22%
* Compiling and checking tests
[MASTER] 17:53:26.941 [pool-2-thread-1] WARN  TimeController - Current phase WRITING_TESTS could run up to 7s, but only 4s are left
* Writing JUnit test case 'Voluntarios_ESTest' to /home/pbr/work_ats/analysis/projects/67/.evosuite/tmp_2021_01_25_17_47_07/tests
* Done!

