* Starting client
* Connecting to master process on port 10824
* Analyzing classpath: 
  - /home/pbr/work_ats/projects_maven/67/target/classes
  - /home/pbr/.m2/repository/junit/junit/4.12/junit-4.12.jar
  - /home/pbr/.m2/repository/org/hamcrest/hamcrest-core/1.3/hamcrest-core-1.3.jar
* Finished analyzing classpath
* Generating tests for class MVC.Models.Model
* Test criteria:
  - Line Coverage
  - Branch Coverage
  - Exception
  - Mutation testing (weak)
  - Method-Output Coverage
  - Top-Level Method Coverage
  - No-Exception Top-Level Method Coverage
  - Context Branch Coverage
* Setting up search algorithm for whole suite generation
[MASTER] 19:55:08.215 [pool-2-thread-1] WARN  TestSuiteSerialization - Cannot load tests because file does not exist: /home/pbr/work_ats/projects_maven/67/.evosuite/evosuite-seeds/MVC.Models.Model.seed
* Loaded 0 tests from /home/pbr/work_ats/projects_maven/67/.evosuite/evosuite-seeds/MVC.Models.Model.seed
* Total number of test goals: 
  - Line 213
  - Branch 123
  - Exception 0
  - MutationFactory 601
  - Output 90
  - Method 28
  - MethodNoException 28
  - CBranchFitnessFactory 123
* Using seed 1609098903022
* Starting evolution
* Search finished after 172s and 136 generations, 49589 statements, best individual has fitness: 489.21889701719675
* Writing sequences to pool
* Minimizing test suite
* Going to analyze the coverage criteria
* Coverage analysis for criterion LINE
* Coverage of criterion LINE: 62%
* Total number of goals: 213
* Number of covered goals: 131
* Coverage analysis for criterion BRANCH
* Coverage of criterion BRANCH: 61%
* Total number of goals: 123
* Number of covered goals: 75
* Coverage analysis for criterion EXCEPTION
* Coverage of criterion EXCEPTION: 100%
* Total number of goals: 28
* Number of covered goals: 28
* Coverage analysis for criterion WEAKMUTATION
* Coverage of criterion WEAKMUTATION: 66%
* Total number of goals: 601
* Number of covered goals: 395
* Coverage analysis for criterion OUTPUT
* Coverage of criterion OUTPUT: 26%
* Total number of goals: 90
* Number of covered goals: 23
* Coverage analysis for criterion METHOD
* Coverage of criterion METHOD: 100%
* Total number of goals: 28
* Number of covered goals: 28
* Coverage analysis for criterion METHODNOEXCEPTION
* Coverage of criterion METHODNOEXCEPTION: 64%
* Total number of goals: 28
* Number of covered goals: 18
* Coverage analysis for criterion CBRANCH
* Coverage of criterion CBRANCH: 61%
* Total number of goals: 123
* Number of covered goals: 75
* Generated 63 tests with total length 163
* Resulting test suite's coverage: 67% (average coverage for all fitness functions)
* Generating assertions
* Resulting test suite's mutation score: 24%
* Compiling and checking tests
* Writing JUnit test case 'Model_ESTest' to /home/pbr/work_ats/projects_maven/67/.evosuite/tmp_2020_12_27_19_41_13/tests
* Done!

